2026-03-05T19:17:26.1863032Z,Updating submodules.,0da8ed22-4f15-4cd5-9c72-06bea96b4e35,0
2026-03-05T19:17:27.3317618Z,Preparing deployment for commit id '385be5ba-8'.,1afc91b7-c20b-47aa-960e-d0c54931549d,0
2026-03-05T19:17:27.7213408Z,PreDeployment: context.CleanOutputPath False,ea40b086-1161-479d-a80d-e09a704823c1,0
2026-03-05T19:17:27.8802649Z,PreDeployment: context.OutputPath /home/site/wwwroot,7a291eef-b1b1-4085-9d43-dbe51900d57f,0
2026-03-05T19:17:28.1721931Z,Repository path is /tmp/zipdeploy/extracted,d7ed3b7b-be74-4a7e-b0a7-f9ee54b100c6,0
2026-03-05T19:17:28.3107265Z,Running oryx build...,c13f5417-9e40-4daa-9717-dc4306edf794,0
	2026-03-05T19:17:28.3167509Z,Command: oryx build /tmp/zipdeploy/extracted -o /home/site/wwwroot --platform python --platform-version 3.12 -p virtualenv_name=antenv --log-file /tmp/build-debug.log  -i /tmp/8de7aebd6ef2fd6 --compress-destination-dir | tee /tmp/oryx-build.log,,0
	2026-03-05T19:17:31.5963487Z,Operation performed by Microsoft Oryx&comma; https://github.com/Microsoft/Oryx,,0
	2026-03-05T19:17:31.6582590Z,You can report issues at https://github.com/Microsoft/Oryx/issues,,0
	2026-03-05T19:17:31.6882952Z,,,0
	2026-03-05T19:17:31.7168954Z,Oryx Version: 0.2.20260204.1+0fdbe200b286be083841ff7fa201c6c2316dc6b9&comma; Commit: 0fdbe200b286be083841ff7fa201c6c2316dc6b9&comma; ReleaseTagName: 20260204.1,,0
	2026-03-05T19:17:31.7588125Z,,,0
	2026-03-05T19:17:31.8180886Z,Build Operation ID: 2efc138fa59fe108,,0
	2026-03-05T19:17:31.8502888Z,Repository Commit : 385be5ba-8adc-4ef0-aea8-20d5f7edd285,,0
	2026-03-05T19:17:31.8792937Z,OS Type           : bullseye,,0
	2026-03-05T19:17:31.9191053Z,Image Type        : githubactions,,0
	2026-03-05T19:17:31.9588430Z,,,0
	2026-03-05T19:17:31.9899817Z,Primary SDK Storage URL: https://oryx-cdn.microsoft.io,,0
	2026-03-05T19:17:32.0282288Z,Backup SDK Storage URL: ,,0
	2026-03-05T19:17:32.0589921Z,Detecting platforms...,,0
	2026-03-05T19:17:32.1011842Z,External SDK provider is enabled.,,0
	2026-03-05T19:17:32.1514815Z,Requesting metadata for platform python from external SDK provider,,0
	2026-03-05T19:17:33.6375340Z,Requesting metadata for platform python from external SDK provider,,0
	2026-03-05T19:17:33.8795718Z,Detected following platforms:,,0
	2026-03-05T19:17:33.9199676Z,  python: 3.12.12,,0
	2026-03-05T19:17:34.4522376Z,,,0
	2026-03-05T19:17:34.5426924Z,Using intermediate directory '/tmp/8de7aebd6ef2fd6'.,,0
	2026-03-05T19:17:34.5751004Z,,,0
	2026-03-05T19:17:34.5942946Z,Copying files to the intermediate directory...,,0
	2026-03-05T19:17:34.7074301Z,Copying files to intermediate directory done in 0 sec(s).,,0
	2026-03-05T19:17:34.7360948Z,,,0
	2026-03-05T19:17:34.7861773Z,Source directory     : /tmp/8de7aebd6ef2fd6,,0
	2026-03-05T19:17:34.8252643Z,Destination directory: /home/site/wwwroot,,0
	2026-03-05T19:17:34.8468335Z,,,0
	2026-03-05T19:17:35.2193911Z,Running build script snippets...,,0
	2026-03-05T19:17:35.2688844Z,Python Version: /tmp/oryx/platforms/python/3.12.12/bin/python3.12,,0
	2026-03-05T19:17:35.2988699Z,Creating directory for command manifest file if it does not exist,,0
	2026-03-05T19:17:35.3887993Z,Removing existing manifest file,,0
	2026-03-05T19:17:35.4485893Z,Python Virtual Environment: antenv,,0
	2026-03-05T19:17:35.4793911Z,Creating virtual environment...,,0
	2026-03-05T19:17:35.5310623Z,Executing: /tmp/oryx/platforms/python/3.12.12/bin/python3.12 -m venv antenv --copies --system-site-packages,,0
	2026-03-05T19:17:49.9889590Z,Activating virtual environment...,,0
	2026-03-05T19:17:50.0225826Z,Fast build is enabled,,0
	2026-03-05T19:17:50.0713075Z,Installing uv...,,0
	2026-03-05T19:17:53.2421273Z,Collecting uv,,0
	2026-03-05T19:17:53.2634630Z,  Using cached uv-0.10.8-py3-none-manylinux_2_17_x86_64.manylinux2014_x86_64.whl.metadata (11 kB),,0
	2026-03-05T19:17:53.3227348Z,Using cached uv-0.10.8-py3-none-manylinux_2_17_x86_64.manylinux2014_x86_64.whl (23.3 MB),,0
	2026-03-05T19:17:54.0484778Z,Installing collected packages: uv,,0
	2026-03-05T19:17:55.7681035Z,Successfully installed uv-0.10.8,,0
	2026-03-05T19:17:56.2043215Z,,,1
	2026-03-05T19:17:56.2257460Z,[notice] A new release of pip is available: 25.0.1 -> 26.0.1,,1
	2026-03-05T19:17:56.2463952Z,[notice] To update&comma; run: pip install --upgrade pip,,1
	2026-03-05T19:17:56.6592968Z,Running uv pip install...,,0
	2026-03-05T19:18:39.1174246Z,Using Python 3.12.12 environment at: antenv,,0
	2026-03-05T19:18:39.1581652Z,Resolved 56 packages in 291ms,,0
	2026-03-05T19:18:39.1957028Z,Installed 56 packages in 752ms,,0
	2026-03-05T19:18:39.2482832Z,Bytecode compiled 3565 files in 40.84s,,0
	2026-03-05T19:18:39.2772388Z, + azure-common==1.1.28,,0
	2026-03-05T19:18:39.3170648Z, + azure-core==1.38.2,,0
	2026-03-05T19:18:39.3578455Z, + azure-identity==1.25.2,,0
	2026-03-05T19:18:39.4383119Z, + azure-mgmt-authorization==4.0.0,,0
	2026-03-05T19:18:39.4594439Z, + azure-mgmt-core==1.6.0,,0
	2026-03-05T19:18:39.5193804Z, + azure-mgmt-keyvault==13.0.0,,0
	2026-03-05T19:18:39.5573808Z, + azure-mgmt-msi==7.1.0,,0
	2026-03-05T19:18:39.5999496Z, + azure-mgmt-resource==25.0.0,,0
	2026-03-05T19:18:39.6400267Z, + azure-mgmt-subscription==3.1.1,,0
	2026-03-05T19:18:39.7691075Z, + blinker==1.9.0,,0
	2026-03-05T19:18:39.8180517Z, + certifi==2026.2.25,,0
	2026-03-05T19:18:39.8809036Z, + cffi==2.0.0,,0
	2026-03-05T19:18:39.9705775Z, + charset-normalizer==3.4.4,,0
	2026-03-05T19:18:40.0205937Z, + click==8.3.1,,0
	2026-03-05T19:18:40.0522164Z, + coverage==7.13.4,,0
	2026-03-05T19:18:40.1299236Z, + cryptography==46.0.5,,0
	2026-03-05T19:18:40.2112592Z, + defusedxml==0.7.1,,0
	2026-03-05T19:18:40.2726111Z, + et-xmlfile==2.0.0,,0
	2026-03-05T19:18:40.2946245Z, + flask==3.1.3,,0
	2026-03-05T19:18:40.3050975Z, + fonttools==4.61.1,,0
	2026-03-05T19:18:40.3332737Z, + fpdf2==2.8.7,,0
	2026-03-05T19:18:40.3456874Z, + gunicorn==25.1.0,,0
	2026-03-05T19:18:40.3645633Z, + idna==3.11,,0
	2026-03-05T19:18:40.3802883Z, + iniconfig==2.3.0,,0
	2026-03-05T19:18:40.3935562Z, + isodate==0.7.2,,0
	2026-03-05T19:18:40.4037414Z, + itsdangerous==2.2.0,,0
	2026-03-05T19:18:40.4327810Z, + jinja2==3.1.6,,0
	2026-03-05T19:18:40.4649591Z, + librt==0.8.1,,0
	2026-03-05T19:18:40.4811737Z, + markdown-it-py==4.0.0,,0
	2026-03-05T19:18:40.4929357Z, + markupsafe==3.0.3,,0
	2026-03-05T19:18:40.5046412Z, + mdurl==0.1.2,,0
	2026-03-05T19:18:40.5327168Z, + msal==1.35.1,,0
	2026-03-05T19:18:40.5514858Z, + msal-extensions==1.3.1,,0
	2026-03-05T19:18:40.5628415Z, + msrest==0.7.1,,0
	2026-03-05T19:18:40.5925091Z, + mypy==1.19.1,,0
	2026-03-05T19:18:40.6314166Z, + mypy-extensions==1.1.0,,0
	2026-03-05T19:18:40.6638245Z, + oauthlib==3.3.1,,0
	2026-03-05T19:18:40.7238006Z, + openpyxl==3.1.5,,0
	2026-03-05T19:18:40.7623407Z, + packaging==26.0,,0
	2026-03-05T19:18:40.8142604Z, + pathspec==1.0.4,,0
	2026-03-05T19:18:40.8729290Z, + pillow==12.1.1,,0
	2026-03-05T19:18:40.9243530Z, + pluggy==1.6.0,,0
	2026-03-05T19:18:40.9643637Z, + pycparser==3.0,,0
	2026-03-05T19:18:40.9963087Z, + pygments==2.19.2,,0
	2026-03-05T19:18:41.0445337Z, + pyjwt==2.11.0,,0
	2026-03-05T19:18:41.0866737Z, + pytest==9.0.2,,0
	2026-03-05T19:18:41.1163013Z, + pytest-cov==7.0.0,,0
	2026-03-05T19:18:41.1455723Z, + pytest-mock==3.15.1,,0
	2026-03-05T19:18:41.1949894Z, + pyyaml==6.0.3,,0
	2026-03-05T19:18:41.2259423Z, + requests==2.32.5,,0
	2026-03-05T19:18:41.2569283Z, + requests-oauthlib==2.0.0,,0
	2026-03-05T19:18:41.3879299Z, + rich==14.3.3,,0
	2026-03-05T19:18:41.4282573Z, + ruff==0.15.4,,0
	2026-03-05T19:18:41.5085096Z, + typing-extensions==4.15.0,,0
	2026-03-05T19:18:41.5392591Z, + urllib3==2.6.3,,0
	2026-03-05T19:18:41.5977535Z, + werkzeug==3.1.6,,0
	2026-03-05T19:18:41.6376190Z,uv pip install done in 49 sec(s).,,0
	2026-03-05T19:18:41.7089380Z,Not a vso image&comma; so not writing build commands,,0
	2026-03-05T19:18:41.7484882Z,Build script snippets done in 64 sec(s).,,0
	2026-03-05T19:18:41.7996662Z,Preparing output...,,0
	2026-03-05T19:18:41.8478226Z,Compressing source directory directly to destination (optimized path)...,,0
	2026-03-05T19:18:41.9293465Z,Using zstd for compression,,0
	2026-03-05T19:18:56.1190345Z,Copied the compressed output to '/home/site/wwwroot',,0
	2026-03-05T19:18:56.1663960Z,Direct compression with zstd done in 17 sec(s).,,0
	2026-03-05T19:18:56.1910301Z,,,0
	2026-03-05T19:18:56.2107416Z,Removing existing manifest file,,0
	2026-03-05T19:18:56.2194986Z,Creating a manifest file...,,0
	2026-03-05T19:18:56.2493104Z,Manifest file created.,,0
	2026-03-05T19:18:56.2847958Z,Copying .ostype to manifest output directory.,,0
	2026-03-05T19:18:56.3000204Z,,,0
	2026-03-05T19:18:56.3174800Z,Total execution done in 82 sec(s).,,0
2026-03-05T19:18:56.8589237Z,Running post deployment command(s)...,ef1d0654-e7d3-45ba-8aa0-b2579a61f5af,0
2026-03-05T19:18:56.9713386Z,,d14ae188-82e8-4bc5-9445-8b467157327c,0
2026-03-05T19:18:57.1110278Z,Generating summary of Oryx build,3fddc492-b71b-4bd7-b509-321b62f17798,0
2026-03-05T19:18:57.2896078Z,Parsing the build logs,c5bdd287-9ec6-46fc-b838-07779bc86f5d,0
2026-03-05T19:18:57.4456259Z,Found 0 issue(s),3186906a-c87a-419e-a828-b3c0fcce4cf7,0
2026-03-05T19:18:57.5864229Z,,2ac0bf79-9814-4cc6-8793-bf9d2caf5548,0
2026-03-05T19:18:57.7296599Z,Build Summary :,bc0b653b-a446-4df0-aa0f-3752e57dbdb6,0
2026-03-05T19:18:57.8648251Z,===============,afd20b04-4d3d-44e8-a932-0a90ff3d00fe,0
2026-03-05T19:18:58.0140193Z,Errors (0),157d6360-bf48-4f94-8d09-e2730d207ba4,0
2026-03-05T19:18:58.1654660Z,Warnings (0),61b0973d-a9e5-4e00-a1b3-a61fbda8f1c1,0
2026-03-05T19:18:58.3001980Z,,06f58813-a930-4eeb-beca-f2f606e64e3c,0
2026-03-05T19:18:58.4852300Z,Triggering recycle (preview mode disabled).,c6d8c610-6561-4690-88dd-9cdef2793a0b,0
2026-03-05T19:18:58.7870575Z,Deployment successful. deployer = Push-Deployer deploymentPath = ZipDeploy. Extract zip. Remote build.,f9a7987b-b3f6-43ed-bd85-17b123ba4c4f,0
