2026-03-06T03:58:45.5636796Z State: Starting, Action: EstablishingSiteNetworks, LastError: , LastErrorTimestamp: 01/01/0001 00:00:00, LastErrorDetails: , Details: , DetailsLevel: INFO
2026-03-06T03:58:46.8411380Z State: Starting, Action: StartingSiteContainers, LastError: , LastErrorTimestamp: 01/01/0001 00:00:00, LastErrorDetails: , Details: , DetailsLevel: INFO
2026-03-06T03:58:46.8441247Z Container start method called.
2026-03-06T03:58:46.8635275Z State: Starting, Action: PullingImage, LastError: , LastErrorTimestamp: 01/01/0001 00:00:00, LastErrorDetails: , Details: Pulling image 10.1.0.5:13209/appsvc/python:3.12_20260203.2.tuxprod for tenova-app., DetailsLevel: INFO
2026-03-06T03:58:46.8637190Z Establishing network.
2026-03-06T03:58:46.8640128Z Pulling image: appsvc/python:3.12_20260203.2.tuxprod.
2026-03-06T03:58:47.9000520Z Container is starting.
2026-03-06T03:58:47.9002973Z State: Starting, Action: MountingVolumes, LastError: , LastErrorTimestamp: 01/01/0001 00:00:00, LastErrorDetails: , Details: Mounting volumes for tenova-app., DetailsLevel: INFO
2026-03-06T03:58:47.9005045Z Establishing user namespace if not established already.
2026-03-06T03:58:47.9006097Z Establishing network if not established already.
2026-03-06T03:58:47.9007061Z Mounting volumes.
2026-03-06T03:58:47.9114158Z Nested mountpoint 
2026-03-06T03:58:47.9313113Z Nested mountpoint volatile/logs
2026-03-06T03:58:47.9331180Z Nested mountpoint 
2026-03-06T03:58:47.9720727Z Nested mountpoint 
2026-03-06T03:58:47.9727001Z Nested mountpoint 
2026-03-06T03:58:48.1423580Z State: Starting, Action: CreatingContainer, LastError: , LastErrorTimestamp: 01/01/0001 00:00:00, LastErrorDetails: , Details: Finished pulling container image and mounting volumes for tenova-app. Allocatinng the rest of the container resources to finish container creation., DetailsLevel: INFO
2026-03-06T03:58:48.1426146Z Creating container.
2026-03-06T03:58:48.1430177Z Creating pipes for streaming container io.
2026-03-06T03:58:48.1435788Z Creating stdout named pipe at /podr/container/pipe/3e83e57facfe_tenova-app/stdout_277ce173d56a41a88153ec95ed7ad925.
2026-03-06T03:58:48.1440004Z Successfully created stdout named pipe at: /podr/container/pipe/3e83e57facfe_tenova-app/stdout_277ce173d56a41a88153ec95ed7ad925.
2026-03-06T03:58:48.1514859Z Opening named pipe /podr/container/pipe/3e83e57facfe_tenova-app/stdout_277ce173d56a41a88153ec95ed7ad925 for reading in non-blocking mode.
2026-03-06T03:58:48.1516403Z Successfully opened named pipe: /podr/container/pipe/3e83e57facfe_tenova-app/stdout_277ce173d56a41a88153ec95ed7ad925.
2026-03-06T03:58:48.1522634Z Successfully removed non-blocking flag from /podr/container/pipe/3e83e57facfe_tenova-app/stdout_277ce173d56a41a88153ec95ed7ad925.
2026-03-06T03:58:48.1532354Z Creating stderr named pipe at /podr/container/pipe/3e83e57facfe_tenova-app/stderr_c155bd82911d4babb62d4ecd46fab0c4.
2026-03-06T03:58:48.1534518Z Successfully created stderr named pipe at: /podr/container/pipe/3e83e57facfe_tenova-app/stderr_c155bd82911d4babb62d4ecd46fab0c4.
2026-03-06T03:58:48.1536351Z Opening named pipe /podr/container/pipe/3e83e57facfe_tenova-app/stderr_c155bd82911d4babb62d4ecd46fab0c4 for reading in non-blocking mode.
2026-03-06T03:58:48.1540067Z Successfully opened named pipe: /podr/container/pipe/3e83e57facfe_tenova-app/stderr_c155bd82911d4babb62d4ecd46fab0c4.
2026-03-06T03:58:48.1542499Z Successfully removed non-blocking flag from /podr/container/pipe/3e83e57facfe_tenova-app/stderr_c155bd82911d4babb62d4ecd46fab0c4.
2026-03-06T03:58:48.1626371Z Creating container with image: appsvc/python:3.12_20260203.2.tuxprod from registry: mcr.microsoft.com and fully qualified image name: mcr.microsoft.com/appsvc/python:3.12_20260203.2.tuxprod
2026-03-06T03:58:49.1105706Z Starting container: 3e83e57facfe_tenova-app.
2026-03-06T03:58:49.3323662Z Starting watchers and probes.
2026-03-06T03:58:49.3936632Z Starting metrics collection.
2026-03-06T03:58:49.4042441Z Container is running.
2026-03-06T03:58:49.4043586Z State: Starting, Action: CreatingContainer, LastError: , LastErrorTimestamp: 01/01/0001 00:00:00, LastErrorDetails: , Details: Container tenova-app successfully created and is running., DetailsLevel: INFO
2026-03-06T03:58:49.6738611Z Container start method finished after 2827 ms.
2026-03-06T03:58:49.6934405Z State: Starting, Action: InitiatingSiteWarmUpProbe, LastError: , LastErrorTimestamp: 01/01/0001 00:00:00, LastErrorDetails: , Details: Container tenova-app successfully created and is running., DetailsLevel: INFO
2026-03-06T03:58:49.7337719Z State: Starting, Action: WaitingForSiteWarmUpProbeSuccess, LastError: , LastErrorTimestamp: 01/01/0001 00:00:00, LastErrorDetails: , Details: Pinging warmup path to ensure container is ready to receive requests., DetailsLevel: INFO
2026-03-06T03:59:15.2409742Z Site startup probe succeeded after 25.4648508 seconds.
2026-03-06T03:59:15.3448182Z State: Starting, Action: WarmUpProbeSucceeded, LastError: , LastErrorTimestamp: 01/01/0001 00:00:00, LastErrorDetails: , Details: Site startup probe succeeded after 25.4648508 seconds., DetailsLevel: INFO
2026-03-06T03:59:15.3833037Z Site is running with deployment version: 12cd15af-02a5-4feb-b539-4886568a7c9f
2026-03-06T03:59:15.3834654Z Site started.
2026-03-06T03:59:15.3835302Z State: Started, Action: None, LastError: , LastErrorTimestamp: 01/01/0001 00:00:00, LastErrorDetails: , Details: Site started at 03/06/2026 03:59:15 (UTC), DetailsLevel: INFO
2026-03-06T03:59:15.3994756Z Site is running with patch version PYTHON 3.12.12
2026-03-06T03:59:20.6283685Z State: Starting, Action: EstablishingSiteNetworks, LastError: , LastErrorTimestamp: 01/01/0001 00:00:00, LastErrorDetails: , Details: , DetailsLevel: INFO
2026-03-06T03:59:21.7150915Z State: Starting, Action: StartingSiteContainers, LastError: , LastErrorTimestamp: 01/01/0001 00:00:00, LastErrorDetails: , Details: , DetailsLevel: INFO
2026-03-06T03:59:21.7154521Z Container start method called.
2026-03-06T03:59:21.7155326Z State: Starting, Action: PullingImage, LastError: , LastErrorTimestamp: 01/01/0001 00:00:00, LastErrorDetails: , Details: Pulling image 10.1.0.6:13209/appsvc/python:3.12_20260203.2.tuxprod for tenova-app., DetailsLevel: INFO
2026-03-06T03:59:21.7655457Z Establishing network.
2026-03-06T03:59:21.7730916Z Pulling image: appsvc/python:3.12_20260203.2.tuxprod.
2026-03-06T03:59:23.5893627Z Container is starting.
2026-03-06T03:59:23.5894648Z State: Starting, Action: MountingVolumes, LastError: , LastErrorTimestamp: 01/01/0001 00:00:00, LastErrorDetails: , Details: Mounting volumes for tenova-app., DetailsLevel: INFO
2026-03-06T03:59:23.5895459Z Establishing user namespace if not established already.
2026-03-06T03:59:23.5896527Z Establishing network if not established already.
2026-03-06T03:59:23.5897500Z Mounting volumes.
2026-03-06T03:59:23.5899199Z Nested mountpoint 
2026-03-06T03:59:23.6002154Z Nested mountpoint volatile/logs
2026-03-06T03:59:23.6091550Z Nested mountpoint 
2026-03-06T03:59:23.6177636Z Nested mountpoint 
2026-03-06T03:59:23.6190363Z Nested mountpoint 
2026-03-06T03:59:23.9584953Z State: Starting, Action: CreatingContainer, LastError: , LastErrorTimestamp: 01/01/0001 00:00:00, LastErrorDetails: , Details: Finished pulling container image and mounting volumes for tenova-app. Allocatinng the rest of the container resources to finish container creation., DetailsLevel: INFO
2026-03-06T03:59:23.9594548Z Creating container.
2026-03-06T03:59:23.9595777Z Creating pipes for streaming container io.
2026-03-06T03:59:23.9596668Z Creating stdout named pipe at /podr/container/pipe/c0f9525b8e21_tenova-app/stdout_59ce56334e6544cdba8a2ab701f56a1d.
2026-03-06T03:59:23.9599451Z Successfully created stdout named pipe at: /podr/container/pipe/c0f9525b8e21_tenova-app/stdout_59ce56334e6544cdba8a2ab701f56a1d.
2026-03-06T03:59:23.9600572Z Opening named pipe /podr/container/pipe/c0f9525b8e21_tenova-app/stdout_59ce56334e6544cdba8a2ab701f56a1d for reading in non-blocking mode.
2026-03-06T03:59:23.9601612Z Successfully opened named pipe: /podr/container/pipe/c0f9525b8e21_tenova-app/stdout_59ce56334e6544cdba8a2ab701f56a1d.
2026-03-06T03:59:23.9602428Z Successfully removed non-blocking flag from /podr/container/pipe/c0f9525b8e21_tenova-app/stdout_59ce56334e6544cdba8a2ab701f56a1d.
2026-03-06T03:59:23.9603783Z Creating stderr named pipe at /podr/container/pipe/c0f9525b8e21_tenova-app/stderr_6e87dc59d8cf495e8baa851a92e85865.
2026-03-06T03:59:23.9605187Z Successfully created stderr named pipe at: /podr/container/pipe/c0f9525b8e21_tenova-app/stderr_6e87dc59d8cf495e8baa851a92e85865.
2026-03-06T03:59:23.9606086Z Opening named pipe /podr/container/pipe/c0f9525b8e21_tenova-app/stderr_6e87dc59d8cf495e8baa851a92e85865 for reading in non-blocking mode.
2026-03-06T03:59:23.9607131Z Successfully opened named pipe: /podr/container/pipe/c0f9525b8e21_tenova-app/stderr_6e87dc59d8cf495e8baa851a92e85865.
2026-03-06T03:59:23.9607917Z Successfully removed non-blocking flag from /podr/container/pipe/c0f9525b8e21_tenova-app/stderr_6e87dc59d8cf495e8baa851a92e85865.
2026-03-06T03:59:23.9609385Z Creating container with image: appsvc/python:3.12_20260203.2.tuxprod from registry: mcr.microsoft.com and fully qualified image name: mcr.microsoft.com/appsvc/python:3.12_20260203.2.tuxprod
2026-03-06T03:59:24.3549778Z Starting container: c0f9525b8e21_tenova-app.
2026-03-06T03:59:24.4148391Z Starting watchers and probes.
2026-03-06T03:59:24.4170023Z Starting metrics collection.
2026-03-06T03:59:24.4267746Z Container is running.
2026-03-06T03:59:24.4350145Z State: Starting, Action: CreatingContainer, LastError: , LastErrorTimestamp: 01/01/0001 00:00:00, LastErrorDetails: , Details: Container tenova-app successfully created and is running., DetailsLevel: INFO
2026-03-06T03:59:24.5866102Z Container start method finished after 2871 ms.
2026-03-06T03:59:24.5867719Z State: Starting, Action: InitiatingSiteWarmUpProbe, LastError: , LastErrorTimestamp: 01/01/0001 00:00:00, LastErrorDetails: , Details: Container tenova-app successfully created and is running., DetailsLevel: INFO
2026-03-06T03:59:24.5867943Z State: Starting, Action: WaitingForSiteWarmUpProbeSuccess, LastError: , LastErrorTimestamp: 01/01/0001 00:00:00, LastErrorDetails: , Details: Pinging warmup path to ensure container is ready to receive requests., DetailsLevel: INFO
2026-03-06T03:59:58.8433150Z Site startup probe succeeded after 34.2552865 seconds.
2026-03-06T03:59:59.0325454Z State: Starting, Action: WarmUpProbeSucceeded, LastError: , LastErrorTimestamp: 01/01/0001 00:00:00, LastErrorDetails: , Details: Site startup probe succeeded after 34.2552865 seconds., DetailsLevel: INFO
2026-03-06T03:59:59.0843004Z Site is running with deployment version: 12cd15af-02a5-4feb-b539-4886568a7c9f
2026-03-06T03:59:59.0853373Z Site started.
2026-03-06T03:59:59.0861645Z State: Started, Action: None, LastError: , LastErrorTimestamp: 01/01/0001 00:00:00, LastErrorDetails: , Details: Site started at 03/06/2026 03:59:59 (UTC), DetailsLevel: INFO
2026-03-06T03:59:59.0954464Z Site is running with patch version PYTHON 3.12.12
2026-03-06T04:00:19.1947022Z State: Stopping, Action: StoppingSite, LastError: , LastErrorTimestamp: 01/01/0001 00:00:00, LastErrorDetails: , Details: Site started at 03/06/2026 03:59:15 (UTC), DetailsLevel: INFO
2026-03-06T04:00:19.2138454Z State: Stopping, Action: StoppingSiteContainers, LastError: , LastErrorTimestamp: 01/01/0001 00:00:00, LastErrorDetails: , Details: Site started at 03/06/2026 03:59:15 (UTC), DetailsLevel: INFO
2026-03-06T04:00:19.2156362Z Container is terminating. Grace period: 5 seconds.
2026-03-06T04:00:19.3323236Z Stop and delete container. Retry count = 0
2026-03-06T04:00:19.3518775Z Stopping container: 3e83e57facfe_tenova-app.
2026-03-06T04:00:26.1302353Z Deleting container: 3e83e57facfe_tenova-app. Retry count = 0
2026-03-06T04:00:27.7269993Z Container spec TerminationMessagePolicy  path 
2026-03-06T04:00:27.7346344Z Container is terminated. Total time elapsed: 8518 ms.
2026-03-06T04:00:27.7444162Z Site: tenova-app stopped.
2026-03-06T04:01:21.8266347Z State: Starting, Action: EstablishingSiteNetworks, LastError: , LastErrorTimestamp: 01/01/0001 00:00:00, LastErrorDetails: , Details: , DetailsLevel: INFO
2026-03-06T04:01:22.9718522Z State: Starting, Action: StartingSiteContainers, LastError: , LastErrorTimestamp: 01/01/0001 00:00:00, LastErrorDetails: , Details: , DetailsLevel: INFO
2026-03-06T04:01:22.9719656Z Container start method called.
2026-03-06T04:01:22.9720047Z State: Starting, Action: PullingImage, LastError: , LastErrorTimestamp: 01/01/0001 00:00:00, LastErrorDetails: , Details: Pulling image 10.1.0.6:13209/appsvc/python:3.12_20260203.2.tuxprod for tenova-app., DetailsLevel: INFO
2026-03-06T04:01:22.9720792Z Establishing network.
2026-03-06T04:01:22.9721843Z Pulling image: appsvc/python:3.12_20260203.2.tuxprod.
2026-03-06T04:01:24.4852410Z Container is starting.
2026-03-06T04:01:24.4858327Z State: Starting, Action: MountingVolumes, LastError: , LastErrorTimestamp: 01/01/0001 00:00:00, LastErrorDetails: , Details: Mounting volumes for tenova-app., DetailsLevel: INFO
2026-03-06T04:01:24.4867688Z Establishing user namespace if not established already.
2026-03-06T04:01:24.4942188Z Establishing network if not established already.
2026-03-06T04:01:24.4951152Z Mounting volumes.
2026-03-06T04:01:24.4958390Z Nested mountpoint 
2026-03-06T04:01:24.5249330Z Nested mountpoint volatile/logs
2026-03-06T04:01:24.5348323Z Nested mountpoint 
2026-03-06T04:01:24.5359151Z Nested mountpoint 
2026-03-06T04:01:24.5365583Z Nested mountpoint 
2026-03-06T04:01:24.7663324Z State: Starting, Action: CreatingContainer, LastError: , LastErrorTimestamp: 01/01/0001 00:00:00, LastErrorDetails: , Details: Finished pulling container image and mounting volumes for tenova-app. Allocatinng the rest of the container resources to finish container creation., DetailsLevel: INFO
2026-03-06T04:01:24.7755949Z Creating container.
2026-03-06T04:01:24.7759691Z Creating pipes for streaming container io.
2026-03-06T04:01:24.7762742Z Creating stdout named pipe at /podr/container/pipe/c3efd7414240_tenova-app/stdout_4d686c0a61c9446d968a184d0f688487.
2026-03-06T04:01:24.7773583Z Successfully created stdout named pipe at: /podr/container/pipe/c3efd7414240_tenova-app/stdout_4d686c0a61c9446d968a184d0f688487.
2026-03-06T04:01:24.7776073Z Opening named pipe /podr/container/pipe/c3efd7414240_tenova-app/stdout_4d686c0a61c9446d968a184d0f688487 for reading in non-blocking mode.
2026-03-06T04:01:24.7779963Z Successfully opened named pipe: /podr/container/pipe/c3efd7414240_tenova-app/stdout_4d686c0a61c9446d968a184d0f688487.
2026-03-06T04:01:24.7783043Z Successfully removed non-blocking flag from /podr/container/pipe/c3efd7414240_tenova-app/stdout_4d686c0a61c9446d968a184d0f688487.
2026-03-06T04:01:24.7858255Z Creating stderr named pipe at /podr/container/pipe/c3efd7414240_tenova-app/stderr_2925fe637b30469b8ea8b60bc68ffd35.
2026-03-06T04:01:24.7862728Z Successfully created stderr named pipe at: /podr/container/pipe/c3efd7414240_tenova-app/stderr_2925fe637b30469b8ea8b60bc68ffd35.
2026-03-06T04:01:24.7866439Z Opening named pipe /podr/container/pipe/c3efd7414240_tenova-app/stderr_2925fe637b30469b8ea8b60bc68ffd35 for reading in non-blocking mode.
2026-03-06T04:01:24.7870264Z Successfully opened named pipe: /podr/container/pipe/c3efd7414240_tenova-app/stderr_2925fe637b30469b8ea8b60bc68ffd35.
2026-03-06T04:01:24.7873678Z Successfully removed non-blocking flag from /podr/container/pipe/c3efd7414240_tenova-app/stderr_2925fe637b30469b8ea8b60bc68ffd35.
2026-03-06T04:01:24.7878431Z Creating container with image: appsvc/python:3.12_20260203.2.tuxprod from registry: mcr.microsoft.com and fully qualified image name: mcr.microsoft.com/appsvc/python:3.12_20260203.2.tuxprod
2026-03-06T04:01:25.1420366Z Starting container: c3efd7414240_tenova-app.
2026-03-06T04:01:25.2030589Z Starting watchers and probes.
2026-03-06T04:01:25.2112818Z Starting metrics collection.
2026-03-06T04:01:25.2116871Z Container is running.
2026-03-06T04:01:25.2118837Z State: Starting, Action: CreatingContainer, LastError: , LastErrorTimestamp: 01/01/0001 00:00:00, LastErrorDetails: , Details: Container tenova-app successfully created and is running., DetailsLevel: INFO
2026-03-06T04:01:25.2632197Z Container start method finished after 2291 ms.
2026-03-06T04:01:25.2633926Z State: Starting, Action: InitiatingSiteWarmUpProbe, LastError: , LastErrorTimestamp: 01/01/0001 00:00:00, LastErrorDetails: , Details: Container tenova-app successfully created and is running., DetailsLevel: INFO
2026-03-06T04:01:25.2634145Z State: Starting, Action: WaitingForSiteWarmUpProbeSuccess, LastError: , LastErrorTimestamp: 01/01/0001 00:00:00, LastErrorDetails: , Details: Pinging warmup path to ensure container is ready to receive requests., DetailsLevel: INFO
2026-03-06T04:01:44.8377300Z Site startup probe succeeded after 19.5698819 seconds.
2026-03-06T04:01:44.9506470Z State: Starting, Action: WarmUpProbeSucceeded, LastError: , LastErrorTimestamp: 01/01/0001 00:00:00, LastErrorDetails: , Details: Site startup probe succeeded after 19.5698819 seconds., DetailsLevel: INFO
2026-03-06T04:01:45.0047409Z Site is running with deployment version: c856d594-0ff9-4742-97d9-07147974ddc2
2026-03-06T04:01:45.0087607Z Site started.
2026-03-06T04:01:45.0088378Z State: Started, Action: None, LastError: , LastErrorTimestamp: 01/01/0001 00:00:00, LastErrorDetails: , Details: Site started at 03/06/2026 04:01:45 (UTC), DetailsLevel: INFO
2026-03-06T04:01:45.0134751Z Site is running with patch version PYTHON 3.12.12
2026-03-06T04:02:05.0188908Z State: Stopping, Action: StoppingSite, LastError: , LastErrorTimestamp: 01/01/0001 00:00:00, LastErrorDetails: , Details: Site started at 03/06/2026 03:59:59 (UTC), DetailsLevel: INFO
2026-03-06T04:02:05.0192237Z State: Stopping, Action: StoppingSiteContainers, LastError: , LastErrorTimestamp: 01/01/0001 00:00:00, LastErrorDetails: , Details: Site started at 03/06/2026 03:59:59 (UTC), DetailsLevel: INFO
2026-03-06T04:02:05.0193313Z Container is terminating. Grace period: 5 seconds.
2026-03-06T04:02:05.0301438Z Stop and delete container. Retry count = 0
2026-03-06T04:02:05.0302668Z Stopping container: c0f9525b8e21_tenova-app.
2026-03-06T04:02:10.2343387Z Deleting container: c0f9525b8e21_tenova-app. Retry count = 0
2026-03-06T04:02:12.1671495Z Container spec TerminationMessagePolicy  path 
2026-03-06T04:02:12.1688335Z Container is terminated. Total time elapsed: 7149 ms.
2026-03-06T04:02:12.1689979Z Site: tenova-app stopped.
