2026-03-06T03:36:41.2315783Z State: Starting, Action: EstablishingSiteNetworks, LastError: , LastErrorTimestamp: 01/01/0001 00:00:00, LastErrorDetails: , Details: , DetailsLevel: INFO
2026-03-06T03:36:44.0568390Z State: Starting, Action: StartingSiteContainers, LastError: , LastErrorTimestamp: 01/01/0001 00:00:00, LastErrorDetails: , Details: , DetailsLevel: INFO
2026-03-06T03:36:44.0657113Z Container start method called.
2026-03-06T03:36:44.0857098Z State: Starting, Action: PullingImage, LastError: , LastErrorTimestamp: 01/01/0001 00:00:00, LastErrorDetails: , Details: Pulling image 10.1.0.6:13209/appsvc/python:3.12_20260203.2.tuxprod for tenova-app., DetailsLevel: INFO
2026-03-06T03:36:44.0876827Z Establishing network.
2026-03-06T03:36:44.1157677Z Pulling image: appsvc/python:3.12_20260203.2.tuxprod.
2026-03-06T03:36:46.1395630Z Container is starting.
2026-03-06T03:36:46.1460325Z State: Starting, Action: MountingVolumes, LastError: , LastErrorTimestamp: 01/01/0001 00:00:00, LastErrorDetails: , Details: Mounting volumes for tenova-app., DetailsLevel: INFO
2026-03-06T03:36:46.1472060Z Establishing user namespace if not established already.
2026-03-06T03:36:46.1483671Z Establishing network if not established already.
2026-03-06T03:36:46.1562524Z Mounting volumes.
2026-03-06T03:36:46.1673441Z Nested mountpoint 
2026-03-06T03:36:46.2286169Z Nested mountpoint volatile/logs
2026-03-06T03:36:46.2674377Z Nested mountpoint 
2026-03-06T03:36:46.3272260Z Nested mountpoint 
2026-03-06T03:36:46.3786055Z Nested mountpoint 
2026-03-06T03:36:46.7599847Z State: Starting, Action: CreatingContainer, LastError: , LastErrorTimestamp: 01/01/0001 00:00:00, LastErrorDetails: , Details: Finished pulling container image and mounting volumes for tenova-app. Allocatinng the rest of the container resources to finish container creation., DetailsLevel: INFO
2026-03-06T03:36:46.7674098Z Creating container.
2026-03-06T03:36:46.7683460Z Creating pipes for streaming container io.
2026-03-06T03:36:46.7696026Z Creating stdout named pipe at /podr/container/pipe/3f2ff6945d66_tenova-app/stdout_b2d6426c2e8a477283aeffaff92ff153.
2026-03-06T03:36:46.7781229Z Successfully created stdout named pipe at: /podr/container/pipe/3f2ff6945d66_tenova-app/stdout_b2d6426c2e8a477283aeffaff92ff153.
2026-03-06T03:36:46.7782241Z Opening named pipe /podr/container/pipe/3f2ff6945d66_tenova-app/stdout_b2d6426c2e8a477283aeffaff92ff153 for reading in non-blocking mode.
2026-03-06T03:36:46.7783268Z Successfully opened named pipe: /podr/container/pipe/3f2ff6945d66_tenova-app/stdout_b2d6426c2e8a477283aeffaff92ff153.
2026-03-06T03:36:46.7783977Z Successfully removed non-blocking flag from /podr/container/pipe/3f2ff6945d66_tenova-app/stdout_b2d6426c2e8a477283aeffaff92ff153.
2026-03-06T03:36:46.7797887Z Creating stderr named pipe at /podr/container/pipe/3f2ff6945d66_tenova-app/stderr_7871a99de32f43ea9d516ba859855e41.
2026-03-06T03:36:46.7799341Z Successfully created stderr named pipe at: /podr/container/pipe/3f2ff6945d66_tenova-app/stderr_7871a99de32f43ea9d516ba859855e41.
2026-03-06T03:36:46.7800078Z Opening named pipe /podr/container/pipe/3f2ff6945d66_tenova-app/stderr_7871a99de32f43ea9d516ba859855e41 for reading in non-blocking mode.
2026-03-06T03:36:46.7801007Z Successfully opened named pipe: /podr/container/pipe/3f2ff6945d66_tenova-app/stderr_7871a99de32f43ea9d516ba859855e41.
2026-03-06T03:36:46.7801704Z Successfully removed non-blocking flag from /podr/container/pipe/3f2ff6945d66_tenova-app/stderr_7871a99de32f43ea9d516ba859855e41.
2026-03-06T03:36:46.7898493Z Creating container with image: appsvc/python:3.12_20260203.2.tuxprod from registry: mcr.microsoft.com and fully qualified image name: mcr.microsoft.com/appsvc/python:3.12_20260203.2.tuxprod
2026-03-06T03:36:47.6623038Z Starting container: 3f2ff6945d66_tenova-app.
2026-03-06T03:36:47.7840563Z Starting watchers and probes.
2026-03-06T03:36:47.8159475Z Starting metrics collection.
2026-03-06T03:36:47.8231376Z Container is running.
2026-03-06T03:36:47.8233160Z State: Starting, Action: CreatingContainer, LastError: , LastErrorTimestamp: 01/01/0001 00:00:00, LastErrorDetails: , Details: Container tenova-app successfully created and is running., DetailsLevel: INFO
2026-03-06T03:36:48.2361986Z Container start method finished after 4168 ms.
2026-03-06T03:36:48.2968855Z State: Starting, Action: InitiatingSiteWarmUpProbe, LastError: , LastErrorTimestamp: 01/01/0001 00:00:00, LastErrorDetails: , Details: Container tenova-app successfully created and is running., DetailsLevel: INFO
2026-03-06T03:36:48.2976570Z State: Starting, Action: WaitingForSiteWarmUpProbeSuccess, LastError: , LastErrorTimestamp: 01/01/0001 00:00:00, LastErrorDetails: , Details: Pinging warmup path to ensure container is ready to receive requests., DetailsLevel: INFO
2026-03-06T03:37:54.0479490Z Site startup probe succeeded after 65.6510832 seconds.
2026-03-06T03:37:54.2093210Z State: Starting, Action: WarmUpProbeSucceeded, LastError: , LastErrorTimestamp: 01/01/0001 00:00:00, LastErrorDetails: , Details: Site startup probe succeeded after 65.6510832 seconds., DetailsLevel: INFO
2026-03-06T03:37:54.3217909Z Site is running with deployment version: 7f94f070-7b66-4454-ab43-84f5c5b68f5f
2026-03-06T03:37:54.3227421Z Site started.
2026-03-06T03:37:54.3294578Z State: Started, Action: None, LastError: , LastErrorTimestamp: 01/01/0001 00:00:00, LastErrorDetails: , Details: Site started at 03/06/2026 03:37:54 (UTC), DetailsLevel: INFO
2026-03-06T03:37:54.3324584Z Site is running with patch version PYTHON 3.12.12
2026-03-06T03:38:14.4256265Z State: Stopping, Action: StoppingSite, LastError: , LastErrorTimestamp: 01/01/0001 00:00:00, LastErrorDetails: , Details: Site started at 03/05/2026 19:20:08 (UTC), DetailsLevel: INFO
2026-03-06T03:38:14.4298381Z State: Stopping, Action: StoppingSiteContainers, LastError: , LastErrorTimestamp: 01/01/0001 00:00:00, LastErrorDetails: , Details: Site started at 03/05/2026 19:20:08 (UTC), DetailsLevel: INFO
2026-03-06T03:38:14.4514167Z Container is terminating. Grace period: 5 seconds.
2026-03-06T03:38:14.4795526Z Stop and delete container. Retry count = 0
2026-03-06T03:38:14.4858128Z Stopping container: 8383f0458b00_tenova-app.
2026-03-06T03:38:19.7801003Z Deleting container: 8383f0458b00_tenova-app. Retry count = 0
2026-03-06T03:38:20.7849358Z Container spec TerminationMessagePolicy  path 
2026-03-06T03:38:20.8122299Z Container is terminated. Total time elapsed: 6358 ms.
2026-03-06T03:38:20.8134845Z Site: tenova-app stopped.
2026-03-06T03:43:55.0546996Z State: Starting, Action: EstablishingSiteNetworks, LastError: , LastErrorTimestamp: 01/01/0001 00:00:00, LastErrorDetails: , Details: , DetailsLevel: INFO
2026-03-06T03:43:58.6926785Z State: Starting, Action: StartingSiteContainers, LastError: , LastErrorTimestamp: 01/01/0001 00:00:00, LastErrorDetails: , Details: , DetailsLevel: INFO
2026-03-06T03:43:58.7115709Z Container start method called.
2026-03-06T03:43:58.7209237Z State: Starting, Action: PullingImage, LastError: , LastErrorTimestamp: 01/01/0001 00:00:00, LastErrorDetails: , Details: Pulling image 10.1.0.6:13209/appsvc/python:3.12_20260203.2.tuxprod for tenova-app., DetailsLevel: INFO
2026-03-06T03:43:58.7221599Z Establishing network.
2026-03-06T03:43:58.7308127Z Pulling image: appsvc/python:3.12_20260203.2.tuxprod.
2026-03-06T03:44:05.1267071Z Container is starting.
2026-03-06T03:44:05.1268770Z State: Starting, Action: MountingVolumes, LastError: , LastErrorTimestamp: 01/01/0001 00:00:00, LastErrorDetails: , Details: Mounting volumes for tenova-app., DetailsLevel: INFO
2026-03-06T03:44:05.1272346Z Establishing user namespace if not established already.
2026-03-06T03:44:05.1279950Z Establishing network if not established already.
2026-03-06T03:44:05.1285219Z Mounting volumes.
2026-03-06T03:44:05.1567125Z Nested mountpoint 
2026-03-06T03:44:05.1971013Z Nested mountpoint volatile/logs
2026-03-06T03:44:05.3894346Z Nested mountpoint 
2026-03-06T03:44:05.6090001Z Nested mountpoint 
2026-03-06T03:44:05.6305673Z Nested mountpoint 
2026-03-06T03:44:07.6092262Z State: Starting, Action: CreatingContainer, LastError: , LastErrorTimestamp: 01/01/0001 00:00:00, LastErrorDetails: , Details: Finished pulling container image and mounting volumes for tenova-app. Allocatinng the rest of the container resources to finish container creation., DetailsLevel: INFO
2026-03-06T03:44:07.6194446Z Creating container.
2026-03-06T03:44:07.6198404Z Creating pipes for streaming container io.
2026-03-06T03:44:07.6199366Z Creating stdout named pipe at /podr/container/pipe/a8b1dfb46f8a_tenova-app/stdout_c83af5f64ba544f7b16008cc0cbef9db.
2026-03-06T03:44:07.6594778Z Successfully created stdout named pipe at: /podr/container/pipe/a8b1dfb46f8a_tenova-app/stdout_c83af5f64ba544f7b16008cc0cbef9db.
2026-03-06T03:44:07.6615267Z Opening named pipe /podr/container/pipe/a8b1dfb46f8a_tenova-app/stdout_c83af5f64ba544f7b16008cc0cbef9db for reading in non-blocking mode.
2026-03-06T03:44:07.6694823Z Successfully opened named pipe: /podr/container/pipe/a8b1dfb46f8a_tenova-app/stdout_c83af5f64ba544f7b16008cc0cbef9db.
2026-03-06T03:44:07.6716041Z Successfully removed non-blocking flag from /podr/container/pipe/a8b1dfb46f8a_tenova-app/stdout_c83af5f64ba544f7b16008cc0cbef9db.
2026-03-06T03:44:07.7323708Z Creating stderr named pipe at /podr/container/pipe/a8b1dfb46f8a_tenova-app/stderr_9975910d86454df7a47fbd5b6ca3698f.
2026-03-06T03:44:07.7327522Z Successfully created stderr named pipe at: /podr/container/pipe/a8b1dfb46f8a_tenova-app/stderr_9975910d86454df7a47fbd5b6ca3698f.
2026-03-06T03:44:07.7328400Z Opening named pipe /podr/container/pipe/a8b1dfb46f8a_tenova-app/stderr_9975910d86454df7a47fbd5b6ca3698f for reading in non-blocking mode.
2026-03-06T03:44:07.7329373Z Successfully opened named pipe: /podr/container/pipe/a8b1dfb46f8a_tenova-app/stderr_9975910d86454df7a47fbd5b6ca3698f.
2026-03-06T03:44:07.7330115Z Successfully removed non-blocking flag from /podr/container/pipe/a8b1dfb46f8a_tenova-app/stderr_9975910d86454df7a47fbd5b6ca3698f.
2026-03-06T03:44:07.7414392Z Creating container with image: appsvc/python:3.12_20260203.2.tuxprod from registry: mcr.microsoft.com and fully qualified image name: mcr.microsoft.com/appsvc/python:3.12_20260203.2.tuxprod
2026-03-06T03:44:09.3900563Z Starting container: a8b1dfb46f8a_tenova-app.
2026-03-06T03:44:09.5769077Z Starting watchers and probes.
2026-03-06T03:44:09.5972666Z Starting metrics collection.
2026-03-06T03:44:09.6281944Z Container is running.
2026-03-06T03:44:09.6595734Z State: Starting, Action: CreatingContainer, LastError: , LastErrorTimestamp: 01/01/0001 00:00:00, LastErrorDetails: , Details: Container tenova-app successfully created and is running., DetailsLevel: INFO
2026-03-06T03:44:09.9686874Z Container start method finished after 11256 ms.
2026-03-06T03:44:10.0788125Z State: Starting, Action: InitiatingSiteWarmUpProbe, LastError: , LastErrorTimestamp: 01/01/0001 00:00:00, LastErrorDetails: , Details: Container tenova-app successfully created and is running., DetailsLevel: INFO
2026-03-06T03:44:10.0791037Z State: Starting, Action: WaitingForSiteWarmUpProbeSuccess, LastError: , LastErrorTimestamp: 01/01/0001 00:00:00, LastErrorDetails: , Details: Pinging warmup path to ensure container is ready to receive requests., DetailsLevel: INFO
2026-03-06T03:45:00.0920023Z Site startup probe succeeded after 49.9813456 seconds.
2026-03-06T03:45:00.3256522Z State: Starting, Action: WarmUpProbeSucceeded, LastError: , LastErrorTimestamp: 01/01/0001 00:00:00, LastErrorDetails: , Details: Site startup probe succeeded after 49.9813456 seconds., DetailsLevel: INFO
2026-03-06T03:45:00.3979168Z Site is running with deployment version: 679ea861-e686-4c94-9a7c-5638cda13f51
2026-03-06T03:45:00.3992178Z Site started.
2026-03-06T03:45:00.4064886Z State: Started, Action: None, LastError: , LastErrorTimestamp: 01/01/0001 00:00:00, LastErrorDetails: , Details: Site started at 03/06/2026 03:45:00 (UTC), DetailsLevel: INFO
2026-03-06T03:45:00.4082404Z Site is running with patch version PYTHON 3.12.12
2026-03-06T03:45:20.4598906Z State: Stopping, Action: StoppingSite, LastError: , LastErrorTimestamp: 01/01/0001 00:00:00, LastErrorDetails: , Details: Site started at 03/06/2026 03:37:54 (UTC), DetailsLevel: INFO
2026-03-06T03:45:20.4689989Z State: Stopping, Action: StoppingSiteContainers, LastError: , LastErrorTimestamp: 01/01/0001 00:00:00, LastErrorDetails: , Details: Site started at 03/06/2026 03:37:54 (UTC), DetailsLevel: INFO
2026-03-06T03:45:20.4703568Z Container is terminating. Grace period: 5 seconds.
2026-03-06T03:45:20.5085537Z Stop and delete container. Retry count = 0
2026-03-06T03:45:20.5091610Z Stopping container: 3f2ff6945d66_tenova-app.
2026-03-06T03:45:25.7553291Z Deleting container: 3f2ff6945d66_tenova-app. Retry count = 0
2026-03-06T03:45:27.5223194Z Container spec TerminationMessagePolicy  path 
2026-03-06T03:45:27.5241343Z Container is terminated. Total time elapsed: 7052 ms.
2026-03-06T03:45:27.5332789Z Site: tenova-app stopped.
2026-03-06T03:52:39.6183417Z State: Starting, Action: EstablishingSiteNetworks, LastError: , LastErrorTimestamp: 01/01/0001 00:00:00, LastErrorDetails: , Details: , DetailsLevel: INFO
2026-03-06T03:52:43.5782040Z State: Starting, Action: StartingSiteContainers, LastError: , LastErrorTimestamp: 01/01/0001 00:00:00, LastErrorDetails: , Details: , DetailsLevel: INFO
2026-03-06T03:52:43.5790138Z Container start method called.
2026-03-06T03:52:43.5790877Z State: Starting, Action: PullingImage, LastError: , LastErrorTimestamp: 01/01/0001 00:00:00, LastErrorDetails: , Details: Pulling image 10.1.0.5:13209/appsvc/python:3.12_20260203.2.tuxprod for tenova-app., DetailsLevel: INFO
2026-03-06T03:52:43.5791763Z Establishing network.
2026-03-06T03:52:43.5792772Z Pulling image: appsvc/python:3.12_20260203.2.tuxprod.
2026-03-06T03:52:46.5233581Z Container is starting.
2026-03-06T03:52:46.5328650Z State: Starting, Action: MountingVolumes, LastError: , LastErrorTimestamp: 01/01/0001 00:00:00, LastErrorDetails: , Details: Mounting volumes for tenova-app., DetailsLevel: INFO
2026-03-06T03:52:46.5422319Z Establishing user namespace if not established already.
2026-03-06T03:52:46.5430770Z Establishing network if not established already.
2026-03-06T03:52:46.5432510Z Mounting volumes.
2026-03-06T03:52:46.5553830Z Nested mountpoint 
2026-03-06T03:52:46.6342517Z Nested mountpoint volatile/logs
2026-03-06T03:52:46.7037037Z Nested mountpoint 
2026-03-06T03:52:46.7853929Z Nested mountpoint 
2026-03-06T03:52:46.8142857Z Nested mountpoint 
2026-03-06T03:52:47.3275611Z State: Starting, Action: CreatingContainer, LastError: , LastErrorTimestamp: 01/01/0001 00:00:00, LastErrorDetails: , Details: Finished pulling container image and mounting volumes for tenova-app. Allocatinng the rest of the container resources to finish container creation., DetailsLevel: INFO
2026-03-06T03:52:47.3289605Z Creating container.
2026-03-06T03:52:47.3368821Z Creating pipes for streaming container io.
2026-03-06T03:52:47.3373750Z Creating stdout named pipe at /podr/container/pipe/ade5ad3d7014_tenova-app/stdout_4ab245d688e145dabdc451cc4d4fdeec.
2026-03-06T03:52:47.3474183Z Successfully created stdout named pipe at: /podr/container/pipe/ade5ad3d7014_tenova-app/stdout_4ab245d688e145dabdc451cc4d4fdeec.
2026-03-06T03:52:47.3476024Z Opening named pipe /podr/container/pipe/ade5ad3d7014_tenova-app/stdout_4ab245d688e145dabdc451cc4d4fdeec for reading in non-blocking mode.
2026-03-06T03:52:47.3477259Z Successfully opened named pipe: /podr/container/pipe/ade5ad3d7014_tenova-app/stdout_4ab245d688e145dabdc451cc4d4fdeec.
2026-03-06T03:52:47.3478023Z Successfully removed non-blocking flag from /podr/container/pipe/ade5ad3d7014_tenova-app/stdout_4ab245d688e145dabdc451cc4d4fdeec.
2026-03-06T03:52:47.3489461Z Creating stderr named pipe at /podr/container/pipe/ade5ad3d7014_tenova-app/stderr_6b2b4eb8b4a8489eb10ba23444afcb52.
2026-03-06T03:52:47.3581027Z Successfully created stderr named pipe at: /podr/container/pipe/ade5ad3d7014_tenova-app/stderr_6b2b4eb8b4a8489eb10ba23444afcb52.
2026-03-06T03:52:47.3589436Z Opening named pipe /podr/container/pipe/ade5ad3d7014_tenova-app/stderr_6b2b4eb8b4a8489eb10ba23444afcb52 for reading in non-blocking mode.
2026-03-06T03:52:47.3682502Z Successfully opened named pipe: /podr/container/pipe/ade5ad3d7014_tenova-app/stderr_6b2b4eb8b4a8489eb10ba23444afcb52.
2026-03-06T03:52:47.3767633Z Successfully removed non-blocking flag from /podr/container/pipe/ade5ad3d7014_tenova-app/stderr_6b2b4eb8b4a8489eb10ba23444afcb52.
2026-03-06T03:52:47.3777412Z Creating container with image: appsvc/python:3.12_20260203.2.tuxprod from registry: mcr.microsoft.com and fully qualified image name: mcr.microsoft.com/appsvc/python:3.12_20260203.2.tuxprod
2026-03-06T03:52:48.7129321Z Starting container: ade5ad3d7014_tenova-app.
2026-03-06T03:52:48.9535706Z Starting watchers and probes.
2026-03-06T03:52:49.0147898Z Starting metrics collection.
2026-03-06T03:52:49.0654648Z Container is running.
2026-03-06T03:52:49.0752580Z State: Starting, Action: CreatingContainer, LastError: , LastErrorTimestamp: 01/01/0001 00:00:00, LastErrorDetails: , Details: Container tenova-app successfully created and is running., DetailsLevel: INFO
2026-03-06T03:52:49.4764249Z Container start method finished after 5897 ms.
2026-03-06T03:52:49.4953226Z State: Starting, Action: InitiatingSiteWarmUpProbe, LastError: , LastErrorTimestamp: 01/01/0001 00:00:00, LastErrorDetails: , Details: Container tenova-app successfully created and is running., DetailsLevel: INFO
2026-03-06T03:52:49.4953867Z State: Starting, Action: WaitingForSiteWarmUpProbeSuccess, LastError: , LastErrorTimestamp: 01/01/0001 00:00:00, LastErrorDetails: , Details: Pinging warmup path to ensure container is ready to receive requests., DetailsLevel: INFO
2026-03-06T03:53:36.6280003Z Site startup probe succeeded after 47.0777343 seconds.
2026-03-06T03:53:36.8012598Z State: Starting, Action: WarmUpProbeSucceeded, LastError: , LastErrorTimestamp: 01/01/0001 00:00:00, LastErrorDetails: , Details: Site startup probe succeeded after 47.0777343 seconds., DetailsLevel: INFO
2026-03-06T03:53:36.9205342Z Site is running with deployment version: 12cd15af-02a5-4feb-b539-4886568a7c9f
2026-03-06T03:53:36.9223340Z Site started.
2026-03-06T03:53:36.9295789Z State: Started, Action: None, LastError: , LastErrorTimestamp: 01/01/0001 00:00:00, LastErrorDetails: , Details: Site started at 03/06/2026 03:53:36 (UTC), DetailsLevel: INFO
2026-03-06T03:53:36.9314106Z Site is running with patch version PYTHON 3.12.12
2026-03-06T03:53:56.9958196Z State: Stopping, Action: StoppingSite, LastError: , LastErrorTimestamp: 01/01/0001 00:00:00, LastErrorDetails: , Details: Site started at 03/06/2026 03:45:00 (UTC), DetailsLevel: INFO
2026-03-06T03:53:57.0021218Z State: Stopping, Action: StoppingSiteContainers, LastError: , LastErrorTimestamp: 01/01/0001 00:00:00, LastErrorDetails: , Details: Site started at 03/06/2026 03:45:00 (UTC), DetailsLevel: INFO
2026-03-06T03:53:57.0039238Z Container is terminating. Grace period: 5 seconds.
2026-03-06T03:53:57.0436483Z Stop and delete container. Retry count = 0
2026-03-06T03:53:57.0634381Z Stopping container: a8b1dfb46f8a_tenova-app.
2026-03-06T03:54:02.5635166Z Deleting container: a8b1dfb46f8a_tenova-app. Retry count = 0
2026-03-06T03:54:05.7291745Z Container spec TerminationMessagePolicy  path 
2026-03-06T03:54:05.7304628Z Container is terminated. Total time elapsed: 8719 ms.
2026-03-06T03:54:05.7381843Z Site: tenova-app stopped.
2026-03-06T03:58:58.5213884Z State: Stopping, Action: StoppingSite, LastError: , LastErrorTimestamp: 01/01/0001 00:00:00, LastErrorDetails: , Details: Site started at 03/06/2026 03:53:36 (UTC), DetailsLevel: INFO
2026-03-06T03:58:58.5344295Z State: Stopping, Action: StoppingSiteContainers, LastError: , LastErrorTimestamp: 01/01/0001 00:00:00, LastErrorDetails: , Details: Site started at 03/06/2026 03:53:36 (UTC), DetailsLevel: INFO
2026-03-06T03:58:58.5440422Z Container is terminating. Grace period: 5 seconds.
2026-03-06T03:58:58.5722741Z Stop and delete container. Retry count = 0
2026-03-06T03:58:58.5723680Z Stopping container: ade5ad3d7014_tenova-app.
2026-03-06T03:59:03.9245619Z Deleting container: ade5ad3d7014_tenova-app. Retry count = 0
2026-03-06T03:59:05.3116645Z Container spec TerminationMessagePolicy  path 
2026-03-06T03:59:05.3125579Z Container is terminated. Total time elapsed: 6767 ms.
2026-03-06T03:59:05.3127584Z Site: tenova-app stopped.
