2026-03-06T03:41:05.3955294Z,Updating submodules.,02063209-937b-4a94-9520-7e30d2b19b20,0
2026-03-06T03:41:06.5147949Z,Preparing deployment for commit id '679ea861-e'.,b067a7d8-9b3e-4f56-8a85-242674b8fed5,0
2026-03-06T03:41:06.8803775Z,PreDeployment: context.CleanOutputPath False,4b3ec47d-dbaa-4e11-88f4-4e6a4a420aa3,0
2026-03-06T03:41:07.0052351Z,PreDeployment: context.OutputPath /home/site/wwwroot,8052f1aa-3f80-4422-b2cd-10614ff5397f,0
2026-03-06T03:41:07.1788604Z,Repository path is /tmp/zipdeploy/extracted,e23257de-e4b0-4ef5-aabc-772285633051,0
2026-03-06T03:41:07.3241710Z,Running oryx build...,1323ef36-1720-4f3c-ad2a-de3b2c3a02cc,0
	2026-03-06T03:41:07.3326312Z,Command: oryx build /tmp/zipdeploy/extracted -o /home/site/wwwroot --platform python --platform-version 3.12 -p virtualenv_name=antenv --log-file /tmp/build-debug.log  -i /tmp/8de7b3232f79d2e --compress-destination-dir | tee /tmp/oryx-build.log,,0
	2026-03-06T03:41:11.1090108Z,Operation performed by Microsoft Oryx&comma; https://github.com/Microsoft/Oryx,,0
	2026-03-06T03:41:11.2198601Z,You can report issues at https://github.com/Microsoft/Oryx/issues,,0
	2026-03-06T03:41:11.3117937Z,,,0
	2026-03-06T03:41:11.4121080Z,Oryx Version: 0.2.20260204.1+0fdbe200b286be083841ff7fa201c6c2316dc6b9&comma; Commit: 0fdbe200b286be083841ff7fa201c6c2316dc6b9&comma; ReleaseTagName: 20260204.1,,0
	2026-03-06T03:41:11.5527454Z,,,0
	2026-03-06T03:41:11.6723783Z,Build Operation ID: 59b26a66c92af4c0,,0
	2026-03-06T03:41:11.7440946Z,Repository Commit : 679ea861-e686-4c94-9a7c-5638cda13f51,,0
	2026-03-06T03:41:11.8535152Z,OS Type           : bullseye,,0
	2026-03-06T03:41:11.9863714Z,Image Type        : githubactions,,0
	2026-03-06T03:41:12.0777337Z,,,0
	2026-03-06T03:41:12.1179838Z,Primary SDK Storage URL: https://oryx-cdn.microsoft.io,,0
	2026-03-06T03:41:12.2471429Z,Backup SDK Storage URL: ,,0
	2026-03-06T03:41:12.3376715Z,Detecting platforms...,,0
	2026-03-06T03:41:12.4498324Z,External SDK provider is enabled.,,0
	2026-03-06T03:41:13.4940028Z,Requesting metadata for platform python from external SDK provider,,0
	2026-03-06T03:41:14.1371140Z,Requesting metadata for platform python from external SDK provider,,0
	2026-03-06T03:41:14.6704316Z,Detected following platforms:,,0
	2026-03-06T03:41:14.7119528Z,  python: 3.12.12,,0
	2026-03-06T03:41:15.1743741Z,,,0
	2026-03-06T03:41:15.2739347Z,Using intermediate directory '/tmp/8de7b3232f79d2e'.,,0
	2026-03-06T03:41:15.3342651Z,,,0
	2026-03-06T03:41:15.3775736Z,Copying files to the intermediate directory...,,0
	2026-03-06T03:41:15.6884763Z,Copying files to intermediate directory done in 0 sec(s).,,0
	2026-03-06T03:41:15.7283075Z,,,0
	2026-03-06T03:41:15.7778586Z,Source directory     : /tmp/8de7b3232f79d2e,,0
	2026-03-06T03:41:15.8105767Z,Destination directory: /home/site/wwwroot,,0
	2026-03-06T03:41:15.8706769Z,,,0
	2026-03-06T03:41:16.5519780Z,Running build script snippets...,,0
	2026-03-06T03:41:16.5761019Z,Python Version: /tmp/oryx/platforms/python/3.12.12/bin/python3.12,,0
	2026-03-06T03:41:16.6128897Z,Creating directory for command manifest file if it does not exist,,0
	2026-03-06T03:41:16.6537212Z,Removing existing manifest file,,0
	2026-03-06T03:41:16.6825870Z,Python Virtual Environment: antenv,,0
	2026-03-06T03:41:16.7331650Z,Creating virtual environment...,,0
	2026-03-06T03:41:16.7839052Z,Executing: /tmp/oryx/platforms/python/3.12.12/bin/python3.12 -m venv antenv --copies --system-site-packages,,0
	2026-03-06T03:41:27.9408235Z,Activating virtual environment...,,0
	2026-03-06T03:41:27.9830426Z,Fast build is enabled,,0
	2026-03-06T03:41:28.0228948Z,Installing uv...,,0
	2026-03-06T03:41:30.8819083Z,Collecting uv,,0
	2026-03-06T03:41:30.9224553Z,  Using cached uv-0.10.8-py3-none-manylinux_2_17_x86_64.manylinux2014_x86_64.whl.metadata (11 kB),,0
	2026-03-06T03:41:30.9719219Z,Using cached uv-0.10.8-py3-none-manylinux_2_17_x86_64.manylinux2014_x86_64.whl (23.3 MB),,0
	2026-03-06T03:41:31.6266438Z,Installing collected packages: uv,,0
	2026-03-06T03:41:33.7386219Z,Successfully installed uv-0.10.8,,0
	2026-03-06T03:41:34.1862111Z,,,1
	2026-03-06T03:41:34.2180868Z,[notice] A new release of pip is available: 25.0.1 -> 26.0.1,,1
	2026-03-06T03:41:34.2573916Z,[notice] To update&comma; run: pip install --upgrade pip,,1
	2026-03-06T03:41:34.7318041Z,Running uv pip install...,,0
	2026-03-06T03:43:10.8556247Z,Using Python 3.12.12 environment at: antenv,,0
	2026-03-06T03:43:10.9167399Z,Resolved 56 packages in 381ms,,0
	2026-03-06T03:43:10.9477845Z,Installed 56 packages in 993ms,,0
	2026-03-06T03:43:10.9641742Z,Bytecode compiled 4913 files in 1m 34s,,0
	2026-03-06T03:43:10.9741158Z, + azure-common==1.1.28,,0
	2026-03-06T03:43:11.0351390Z, + azure-core==1.38.2,,0
	2026-03-06T03:43:11.0572341Z, + azure-identity==1.25.2,,0
	2026-03-06T03:43:11.0793896Z, + azure-mgmt-authorization==4.0.0,,0
	2026-03-06T03:43:11.0897765Z, + azure-mgmt-core==1.6.0,,0
	2026-03-06T03:43:11.1050338Z, + azure-mgmt-keyvault==13.0.0,,0
	2026-03-06T03:43:11.1484612Z, + azure-mgmt-msi==7.1.0,,0
	2026-03-06T03:43:11.1697605Z, + azure-mgmt-resource==23.4.0,,0
	2026-03-06T03:43:11.1854375Z, + azure-mgmt-subscription==3.1.1,,0
	2026-03-06T03:43:11.1963570Z, + blinker==1.9.0,,0
	2026-03-06T03:43:11.2090510Z, + certifi==2026.2.25,,0
	2026-03-06T03:43:11.2473664Z, + cffi==2.0.0,,0
	2026-03-06T03:43:11.2963229Z, + charset-normalizer==3.4.4,,0
	2026-03-06T03:43:11.3180026Z, + click==8.3.1,,0
	2026-03-06T03:43:11.3765004Z, + coverage==7.13.4,,0
	2026-03-06T03:43:11.3985072Z, + cryptography==46.0.5,,0
	2026-03-06T03:43:11.4286806Z, + defusedxml==0.7.1,,0
	2026-03-06T03:43:11.4784221Z, + et-xmlfile==2.0.0,,0
	2026-03-06T03:43:11.5074528Z, + flask==3.1.3,,0
	2026-03-06T03:43:11.5473236Z, + fonttools==4.61.1,,0
	2026-03-06T03:43:11.5771162Z, + fpdf2==2.8.7,,0
	2026-03-06T03:43:11.5988703Z, + gunicorn==25.1.0,,0
	2026-03-06T03:43:11.6778927Z, + idna==3.11,,0
	2026-03-06T03:43:11.6898017Z, + iniconfig==2.3.0,,0
	2026-03-06T03:43:11.7196098Z, + isodate==0.7.2,,0
	2026-03-06T03:43:11.7405145Z, + itsdangerous==2.2.0,,0
	2026-03-06T03:43:11.7519347Z, + jinja2==3.1.6,,0
	2026-03-06T03:43:11.7631484Z, + librt==0.8.1,,0
	2026-03-06T03:43:11.7789746Z, + markdown-it-py==4.0.0,,0
	2026-03-06T03:43:11.7893078Z, + markupsafe==3.0.3,,0
	2026-03-06T03:43:11.8007937Z, + mdurl==0.1.2,,0
	2026-03-06T03:43:11.8311109Z, + msal==1.35.1,,0
	2026-03-06T03:43:11.8368752Z, + msal-extensions==1.3.1,,0
	2026-03-06T03:43:11.9016801Z, + msrest==0.7.1,,0
	2026-03-06T03:43:11.9359535Z, + mypy==1.19.1,,0
	2026-03-06T03:43:11.9499103Z, + mypy-extensions==1.1.0,,0
	2026-03-06T03:43:11.9693316Z, + oauthlib==3.3.1,,0
	2026-03-06T03:43:11.9911991Z, + openpyxl==3.1.5,,0
	2026-03-06T03:43:12.0095495Z, + packaging==26.0,,0
	2026-03-06T03:43:12.0486699Z, + pathspec==1.0.4,,0
	2026-03-06T03:43:12.0622201Z, + pillow==12.1.1,,0
	2026-03-06T03:43:12.0887839Z, + pluggy==1.6.0,,0
	2026-03-06T03:43:12.1289187Z, + pycparser==3.0,,0
	2026-03-06T03:43:12.1706894Z, + pygments==2.19.2,,0
	2026-03-06T03:43:12.1792470Z, + pyjwt==2.11.0,,0
	2026-03-06T03:43:12.1856270Z, + pytest==9.0.2,,0
	2026-03-06T03:43:12.1919722Z, + pytest-cov==7.0.0,,0
	2026-03-06T03:43:12.2201908Z, + pytest-mock==3.15.1,,0
	2026-03-06T03:43:12.2492524Z, + pyyaml==6.0.3,,0
	2026-03-06T03:43:12.2724557Z, + requests==2.32.5,,0
	2026-03-06T03:43:12.2993805Z, + requests-oauthlib==2.0.0,,0
	2026-03-06T03:43:12.3196574Z, + rich==14.3.3,,0
	2026-03-06T03:43:12.3496483Z, + ruff==0.15.5,,0
	2026-03-06T03:43:12.4014572Z, + typing-extensions==4.15.0,,0
	2026-03-06T03:43:12.4430436Z, + urllib3==2.6.3,,0
	2026-03-06T03:43:12.4997722Z, + werkzeug==3.1.6,,0
	2026-03-06T03:43:12.5814279Z,uv pip install done in 103 sec(s).,,0
	2026-03-06T03:43:12.7332046Z,Not a vso image&comma; so not writing build commands,,0
	2026-03-06T03:43:12.8921640Z,Build script snippets done in 115 sec(s).,,0
	2026-03-06T03:43:12.9528392Z,Preparing output...,,0
	2026-03-06T03:43:13.0246525Z,Compressing source directory directly to destination (optimized path)...,,0
	2026-03-06T03:43:13.0852859Z,Using zstd for compression,,0
	2026-03-06T03:43:47.7824118Z,Copied the compressed output to '/home/site/wwwroot',,0
	2026-03-06T03:43:47.8833942Z,Direct compression with zstd done in 36 sec(s).,,0
	2026-03-06T03:43:47.9345764Z,,,0
	2026-03-06T03:43:47.9956089Z,Removing existing manifest file,,0
	2026-03-06T03:43:48.0452330Z,Creating a manifest file...,,0
	2026-03-06T03:43:48.0939898Z,Manifest file created.,,0
	2026-03-06T03:43:48.1555589Z,Copying .ostype to manifest output directory.,,0
	2026-03-06T03:43:48.2851703Z,,,0
	2026-03-06T03:43:48.3157177Z,Total execution done in 153 sec(s).,,0
2026-03-06T03:43:49.6206650Z,Running post deployment command(s)...,d25189a4-6423-4f27-88c8-1756afb01ba7,0
2026-03-06T03:43:49.8280084Z,,ac53b1f4-5405-44da-9ee4-8a49489884b5,0
2026-03-06T03:43:49.9922919Z,Generating summary of Oryx build,45bc9c6b-05fc-416a-aa12-d127709c3a68,0
2026-03-06T03:43:50.2910095Z,Parsing the build logs,8e47c211-df3b-4fcf-91ba-95f7935048c7,0
2026-03-06T03:43:50.4949156Z,Found 0 issue(s),81da74e8-1ad1-4cbf-8b97-9e227b09df58,0
2026-03-06T03:43:50.8244478Z,,c48da844-59b1-4be8-9c53-4dbb78db5a1c,0
2026-03-06T03:43:51.0019728Z,Build Summary :,fd2e9a18-9e2f-4c2d-bb11-60339ae84d11,0
2026-03-06T03:43:51.1962734Z,===============,a7d595f5-46b9-49c9-8f67-dcaff13502ea,0
2026-03-06T03:43:51.4934229Z,Errors (0),5f9759ec-887a-4681-aaef-8bfff904727f,0
2026-03-06T03:43:51.7076390Z,Warnings (0),0b1dcb02-ea8e-417f-8ab6-4fe1d907cd0c,0
2026-03-06T03:43:51.8972787Z,,8c214ad0-050b-42c3-889f-adc6a975c14d,0
2026-03-06T03:43:52.3299822Z,Triggering recycle (preview mode disabled).,08643d0a-761a-4d16-b9e4-b6dea4f7a5e7,0
2026-03-06T03:43:52.7178788Z,Deployment successful. deployer = Push-Deployer deploymentPath = ZipDeploy. Extract zip. Remote build.,3c3cfa49-c5f9-4484-b386-ac096b249759,0
