2026-03-06T04:00:00.3934457Z,Updating submodules.,ac40d4b4-15c8-4cfb-88d9-04ce805e3833,0
2026-03-06T04:00:01.6619459Z,Preparing deployment for commit id 'c856d594-0'.,057e7eb9-4c11-4666-91ce-699722b03552,0
2026-03-06T04:00:02.7994940Z,PreDeployment: context.CleanOutputPath False,7c92d567-15f5-427e-ac18-162d1bcb079e,0
2026-03-06T04:00:03.2197360Z,PreDeployment: context.OutputPath /home/site/wwwroot,01fa8547-a943-4a61-b279-f6d02a586285,0
2026-03-06T04:00:04.3828994Z,Repository path is /tmp/zipdeploy/extracted,21ff6acf-2f3d-4254-8380-61c89a7ab42e,0
2026-03-06T04:00:04.5456499Z,Running oryx build...,9e273385-e031-4bf5-a30a-5b5840af0818,0
	2026-03-06T04:00:04.5522433Z,Command: oryx build /tmp/zipdeploy/extracted -o /home/site/wwwroot --platform python --platform-version 3.12 -p virtualenv_name=antenv --log-file /tmp/build-debug.log  -i /tmp/8de7b34d7c0eeca --compress-destination-dir | tee /tmp/oryx-build.log,,0
	2026-03-06T04:00:06.3004600Z,Operation performed by Microsoft Oryx&comma; https://github.com/Microsoft/Oryx,,0
	2026-03-06T04:00:06.3330672Z,You can report issues at https://github.com/Microsoft/Oryx/issues,,0
	2026-03-06T04:00:06.3482992Z,,,0
	2026-03-06T04:00:06.3616795Z,Oryx Version: 0.2.20260204.1+0fdbe200b286be083841ff7fa201c6c2316dc6b9&comma; Commit: 0fdbe200b286be083841ff7fa201c6c2316dc6b9&comma; ReleaseTagName: 20260204.1,,0
	2026-03-06T04:00:06.3755929Z,,,0
	2026-03-06T04:00:06.3928641Z,Build Operation ID: 28e777bb84b10959,,0
	2026-03-06T04:00:06.4031592Z,Repository Commit : c856d594-0ff9-4742-97d9-07147974ddc2,,0
	2026-03-06T04:00:06.4094928Z,OS Type           : bullseye,,0
	2026-03-06T04:00:06.4155029Z,Image Type        : githubactions,,0
	2026-03-06T04:00:06.4213112Z,,,0
	2026-03-06T04:00:06.4273134Z,Primary SDK Storage URL: https://oryx-cdn.microsoft.io,,0
	2026-03-06T04:00:06.4336948Z,Backup SDK Storage URL: ,,0
	2026-03-06T04:00:06.4397184Z,Detecting platforms...,,0
	2026-03-06T04:00:06.4465406Z,External SDK provider is enabled.,,0
	2026-03-06T04:00:06.4544253Z,Requesting metadata for platform python from external SDK provider,,0
	2026-03-06T04:00:06.8692591Z,Requesting metadata for platform python from external SDK provider,,0
	2026-03-06T04:00:07.2602820Z,Successfully requested blob for platform python&comma; blobName defaultVersion.bullseye.txt&comma; available at /var/OryxSdks/python/defaultVersion.bullseye.txt,,0
	2026-03-06T04:00:07.4104896Z,Detected following platforms:,,0
	2026-03-06T04:00:07.4225546Z,  python: 3.12.12,,0
	2026-03-06T04:00:07.4368960Z,Requesting metadata for platform python from external SDK provider,,0
	2026-03-06T04:00:10.7140220Z,Successfully requested blob for platform python&comma; blobName python-bullseye-3.12.12.tar.gz&comma; available at /var/OryxSdks/python/python-bullseye-3.12.12.tar.gz,,0
	2026-03-06T04:00:11.5621418Z,Version '3.12.12' of platform 'python' is not installed. Generating script to install it...,,0
	2026-03-06T04:00:11.9320902Z,,,0
	2026-03-06T04:00:11.9996419Z,Using intermediate directory '/tmp/8de7b34d7c0eeca'.,,0
	2026-03-06T04:00:12.0111340Z,,,0
	2026-03-06T04:00:12.0242464Z,Copying files to the intermediate directory...,,0
	2026-03-06T04:00:12.1140471Z,Copying files to intermediate directory done in 0 sec(s).,,0
	2026-03-06T04:00:12.1338485Z,,,0
	2026-03-06T04:00:12.1635193Z,Source directory     : /tmp/8de7b34d7c0eeca,,0
	2026-03-06T04:00:12.1944070Z,Destination directory: /home/site/wwwroot,,0
	2026-03-06T04:00:12.2090198Z,,,0
	2026-03-06T04:00:12.2154733Z,Installing platform...,,0
	2026-03-06T04:00:12.2374525Z,,,0
	2026-03-06T04:00:12.2515158Z,Downloading and extracting 'python' version '3.12.12' to '/tmp/oryx/platforms/python/3.12.12'...,,0
	2026-03-06T04:00:12.2601299Z,Detected image debian flavor: bullseye.,,0
	2026-03-06T04:00:12.2668630Z,Skipping download of python version 3.12.12 as it is available in external sdk provider cache...,,0
	2026-03-06T04:00:12.2738223Z,Extracting contents...,,0
	2026-03-06T04:00:22.3527988Z,Successfully extracted python version 3.12.12 from external sdk provider cache...,,0
	2026-03-06T04:00:22.4015600Z,,,0
	2026-03-06T04:00:22.4269683Z,image detector file exists&comma; platform is python..,,0
	2026-03-06T04:00:22.4515035Z,OS detector file exists&comma; OS is bullseye..,,0
	2026-03-06T04:00:22.4697890Z,Platform installation done in 10 sec(s).,,0
	2026-03-06T04:00:22.6475587Z,Running build script snippets...,,0
	2026-03-06T04:00:22.6702907Z,Python Version: /tmp/oryx/platforms/python/3.12.12/bin/python3.12,,0
	2026-03-06T04:00:22.7005266Z,Creating directory for command manifest file if it does not exist,,0
	2026-03-06T04:00:22.7400250Z,Removing existing manifest file,,0
	2026-03-06T04:00:22.7698538Z,Python Virtual Environment: antenv,,0
	2026-03-06T04:00:22.8178644Z,Creating virtual environment...,,0
	2026-03-06T04:00:22.8615759Z,Executing: /tmp/oryx/platforms/python/3.12.12/bin/python3.12 -m venv antenv --copies --system-site-packages,,0
	2026-03-06T04:00:33.4352541Z,Activating virtual environment...,,0
	2026-03-06T04:00:33.4833189Z,Fast build is enabled,,0
	2026-03-06T04:00:33.6121477Z,Installing uv...,,0
	2026-03-06T04:00:35.8359957Z,Collecting uv,,0
	2026-03-06T04:00:35.8651757Z,  Using cached uv-0.10.8-py3-none-manylinux_2_17_x86_64.manylinux2014_x86_64.whl.metadata (11 kB),,0
	2026-03-06T04:00:35.9269588Z,Using cached uv-0.10.8-py3-none-manylinux_2_17_x86_64.manylinux2014_x86_64.whl (23.3 MB),,0
	2026-03-06T04:00:36.5288781Z,Installing collected packages: uv,,0
	2026-03-06T04:00:37.6864816Z,Successfully installed uv-0.10.8,,0
	2026-03-06T04:00:38.0349467Z,,,1
	2026-03-06T04:00:38.0543451Z,[notice] A new release of pip is available: 25.0.1 -> 26.0.1,,1
	2026-03-06T04:00:38.0734455Z,[notice] To update&comma; run: pip install --upgrade pip,,1
	2026-03-06T04:00:38.4158354Z,Running uv pip install...,,0
	2026-03-06T04:01:08.1912266Z,Using Python 3.12.12 environment at: antenv,,0
	2026-03-06T04:01:08.2368456Z,Resolved 56 packages in 980ms,,0
	2026-03-06T04:01:08.2718094Z,Downloading pygments (1.2MiB),,0
	2026-03-06T04:01:08.2777742Z,Downloading ruff (10.7MiB),,0
	2026-03-06T04:01:08.2844222Z,Downloading azure-mgmt-resource (3.8MiB),,0
	2026-03-06T04:01:08.2915145Z,Downloading fonttools (4.7MiB),,0
	2026-03-06T04:01:08.2987113Z,Downloading azure-mgmt-authorization (1.0MiB),,0
	2026-03-06T04:01:08.3066552Z,Downloading cryptography (4.3MiB),,0
	2026-03-06T04:01:08.3414908Z,Downloading pillow (6.7MiB),,0
	2026-03-06T04:01:08.3834704Z,Downloading mypy (13.0MiB),,0
	2026-03-06T04:01:08.4315389Z, Downloaded cryptography,,0
	2026-03-06T04:01:08.4643415Z, Downloaded pillow,,0
	2026-03-06T04:01:08.5121734Z, Downloaded ruff,,0
	2026-03-06T04:01:08.5273080Z, Downloaded pygments,,0
	2026-03-06T04:01:08.5487098Z, Downloaded fonttools,,0
	2026-03-06T04:01:08.5576052Z, Downloaded azure-mgmt-authorization,,0
	2026-03-06T04:01:08.5760542Z, Downloaded azure-mgmt-resource,,0
	2026-03-06T04:01:08.6253937Z, Downloaded mypy,,0
	2026-03-06T04:01:08.6764343Z,Prepared 56 packages in 3.64s,,0
	2026-03-06T04:01:08.7138157Z,Installed 56 packages in 353ms,,0
	2026-03-06T04:01:08.7460912Z,Bytecode compiled 4913 files in 24.53s,,0
	2026-03-06T04:01:08.7689350Z, + azure-common==1.1.28,,0
	2026-03-06T04:01:08.7835980Z, + azure-core==1.38.2,,0
	2026-03-06T04:01:08.7941701Z, + azure-identity==1.25.2,,0
	2026-03-06T04:01:08.8144851Z, + azure-mgmt-authorization==4.0.0,,0
	2026-03-06T04:01:08.8282535Z, + azure-mgmt-core==1.6.0,,0
	2026-03-06T04:01:08.8361209Z, + azure-mgmt-keyvault==13.0.0,,0
	2026-03-06T04:01:08.8545711Z, + azure-mgmt-msi==7.1.0,,0
	2026-03-06T04:01:08.8690786Z, + azure-mgmt-resource==23.4.0,,0
	2026-03-06T04:01:08.8781305Z, + azure-mgmt-subscription==3.1.1,,0
	2026-03-06T04:01:08.9054317Z, + blinker==1.9.0,,0
	2026-03-06T04:01:08.9266058Z, + certifi==2026.2.25,,0
	2026-03-06T04:01:08.9454146Z, + cffi==2.0.0,,0
	2026-03-06T04:01:08.9658198Z, + charset-normalizer==3.4.4,,0
	2026-03-06T04:01:08.9854814Z, + click==8.3.1,,0
	2026-03-06T04:01:09.0007207Z, + coverage==7.13.4,,0
	2026-03-06T04:01:09.0085040Z, + cryptography==46.0.5,,0
	2026-03-06T04:01:09.0252857Z, + defusedxml==0.7.1,,0
	2026-03-06T04:01:09.0459026Z, + et-xmlfile==2.0.0,,0
	2026-03-06T04:01:09.0627962Z, + flask==3.1.3,,0
	2026-03-06T04:01:09.0867970Z, + fonttools==4.61.1,,0
	2026-03-06T04:01:09.1082748Z, + fpdf2==2.8.7,,0
	2026-03-06T04:01:09.1282038Z, + gunicorn==25.1.0,,0
	2026-03-06T04:01:09.1659371Z, + idna==3.11,,0
	2026-03-06T04:01:09.1885555Z, + iniconfig==2.3.0,,0
	2026-03-06T04:01:09.2192487Z, + isodate==0.7.2,,0
	2026-03-06T04:01:09.2496867Z, + itsdangerous==2.2.0,,0
	2026-03-06T04:01:09.2689047Z, + jinja2==3.1.6,,0
	2026-03-06T04:01:09.3288315Z, + librt==0.8.1,,0
	2026-03-06T04:01:09.3504751Z, + markdown-it-py==4.0.0,,0
	2026-03-06T04:01:09.3795323Z, + markupsafe==3.0.3,,0
	2026-03-06T04:01:09.4181793Z, + mdurl==0.1.2,,0
	2026-03-06T04:01:09.4487654Z, + msal==1.35.1,,0
	2026-03-06T04:01:09.4694064Z, + msal-extensions==1.3.1,,0
	2026-03-06T04:01:09.4905353Z, + msrest==0.7.1,,0
	2026-03-06T04:01:09.5110540Z, + mypy==1.19.1,,0
	2026-03-06T04:01:09.5314672Z, + mypy-extensions==1.1.0,,0
	2026-03-06T04:01:09.5610007Z, + oauthlib==3.3.1,,0
	2026-03-06T04:01:09.5832328Z, + openpyxl==3.1.5,,0
	2026-03-06T04:01:09.6196162Z, + packaging==26.0,,0
	2026-03-06T04:01:09.6414461Z, + pathspec==1.0.4,,0
	2026-03-06T04:01:09.6621851Z, + pillow==12.1.1,,0
	2026-03-06T04:01:09.6833370Z, + pluggy==1.6.0,,0
	2026-03-06T04:01:09.7034723Z, + pycparser==3.0,,0
	2026-03-06T04:01:09.7323499Z, + pygments==2.19.2,,0
	2026-03-06T04:01:09.7531422Z, + pyjwt==2.11.0,,0
	2026-03-06T04:01:09.7743012Z, + pytest==9.0.2,,0
	2026-03-06T04:01:09.7934606Z, + pytest-cov==7.0.0,,0
	2026-03-06T04:01:09.8145915Z, + pytest-mock==3.15.1,,0
	2026-03-06T04:01:09.8431056Z, + pyyaml==6.0.3,,0
	2026-03-06T04:01:09.8642175Z, + requests==2.32.5,,0
	2026-03-06T04:01:09.9014462Z, + requests-oauthlib==2.0.0,,0
	2026-03-06T04:01:09.9222608Z, + rich==14.3.3,,0
	2026-03-06T04:01:09.9513603Z, + ruff==0.15.5,,0
	2026-03-06T04:01:09.9621927Z, + typing-extensions==4.15.0,,0
	2026-03-06T04:01:09.9765159Z, + urllib3==2.6.3,,0
	2026-03-06T04:01:09.9843644Z, + werkzeug==3.1.6,,0
	2026-03-06T04:01:10.0128014Z,uv pip install done in 35 sec(s).,,0
	2026-03-06T04:01:10.0273732Z,Not a vso image&comma; so not writing build commands,,0
	2026-03-06T04:01:10.0358377Z,Build script snippets done in 46 sec(s).,,0
	2026-03-06T04:01:10.0432262Z,Preparing output...,,0
	2026-03-06T04:01:10.0578690Z,Compressing source directory directly to destination (optimized path)...,,0
	2026-03-06T04:01:10.1659535Z,Using zstd for compression,,0
	2026-03-06T04:01:17.2418097Z,Copied the compressed output to '/home/site/wwwroot',,0
	2026-03-06T04:01:17.2705246Z,Direct compression with zstd done in 9 sec(s).,,0
	2026-03-06T04:01:17.2825232Z,,,0
	2026-03-06T04:01:17.2966447Z,Removing existing manifest file,,0
	2026-03-06T04:01:17.3225118Z,Creating a manifest file...,,0
	2026-03-06T04:01:17.3308250Z,Manifest file created.,,0
	2026-03-06T04:01:17.3464974Z,Copying .ostype to manifest output directory.,,0
	2026-03-06T04:01:17.3536885Z,,,0
	2026-03-06T04:01:17.3647688Z,Total execution done in 66 sec(s).,,0
2026-03-06T04:01:17.7336197Z,Running post deployment command(s)...,ac062815-f964-49bc-a041-1899defac729,0
2026-03-06T04:01:17.9384947Z,,733fc61e-c38d-4748-97e8-e58161dd943d,0
2026-03-06T04:01:18.1240285Z,Generating summary of Oryx build,3fa8ccae-dbe8-43ed-81aa-8aad705eb8d6,0
2026-03-06T04:01:18.3515741Z,Parsing the build logs,e8bb51b4-bb62-48a4-a075-f3954c00ee0d,0
2026-03-06T04:01:18.5267648Z,Found 0 issue(s),f398704e-9a05-429c-9ff9-9df3c1094732,0
2026-03-06T04:01:18.6780816Z,,7e304504-6cb4-4778-add2-83ece0527e54,0
2026-03-06T04:01:18.8540901Z,Build Summary :,627a8f1d-e9c0-4a9a-ae62-a8c7100c3a2e,0
2026-03-06T04:01:19.0357379Z,===============,54ccbc8a-b83d-4268-8add-f69109ef6ec5,0
2026-03-06T04:01:19.1947761Z,Errors (0),ff137033-a172-48bd-b41c-3d527d94c670,0
2026-03-06T04:01:19.3469389Z,Warnings (0),f1186073-67ae-41fa-a6b6-b8970a274cc8,0
2026-03-06T04:01:19.4979231Z,,670b3564-4ee7-4c42-a15f-3974d348eb75,0
2026-03-06T04:01:19.6763582Z,Triggering recycle (preview mode disabled).,a4244dd9-25f7-4623-9ff7-2b2070db37fb,0
2026-03-06T04:01:19.8946233Z,Deployment successful. deployer = Push-Deployer deploymentPath = ZipDeploy. Extract zip. Remote build.,cade4188-cf98-4876-901a-a7652bac55d8,0
