2026-03-05T19:09:41.4592233Z,Updating submodules.,d2afb092-db01-4e31-99dd-b4ff566f17d5,0
2026-03-05T19:09:43.0278470Z,Preparing deployment for commit id '9fbe5886-b'.,ac6e25f9-d342-45b5-bb09-ed69c6c3c767,0
2026-03-05T19:09:44.3640407Z,PreDeployment: context.CleanOutputPath False,72f2846a-1187-4c97-a37c-741df806db32,0
2026-03-05T19:09:44.5094909Z,PreDeployment: context.OutputPath /home/site/wwwroot,48e0ce4a-94b9-40a3-b0f3-7caf9cc500c6,0
2026-03-05T19:09:45.1618063Z,Repository path is /tmp/zipdeploy/extracted,d19912ae-7dbf-4334-af8c-745d488ecd96,0
2026-03-05T19:09:45.3291992Z,Running oryx build...,b37c0957-8eb4-4a27-945f-fb0603459ca0,0
	2026-03-05T19:09:45.3346041Z,Command: oryx build /tmp/zipdeploy/extracted -o /home/site/wwwroot --platform python --platform-version 3.12 -p virtualenv_name=antenv --log-file /tmp/build-debug.log  -i /tmp/8de7aeac2b63917 --compress-destination-dir | tee /tmp/oryx-build.log,,0
	2026-03-05T19:09:48.0300189Z,Operation performed by Microsoft Oryx&comma; https://github.com/Microsoft/Oryx,,0
	2026-03-05T19:09:48.0885156Z,You can report issues at https://github.com/Microsoft/Oryx/issues,,0
	2026-03-05T19:09:48.1208382Z,,,0
	2026-03-05T19:09:48.1890375Z,Oryx Version: 0.2.20260204.1+0fdbe200b286be083841ff7fa201c6c2316dc6b9&comma; Commit: 0fdbe200b286be083841ff7fa201c6c2316dc6b9&comma; ReleaseTagName: 20260204.1,,0
	2026-03-05T19:09:48.2390899Z,,,0
	2026-03-05T19:09:48.2610472Z,Build Operation ID: 084f9f416ce11bcb,,0
	2026-03-05T19:09:48.2915996Z,Repository Commit : 9fbe5886-b478-40ac-a489-afad51dcdc59,,0
	2026-03-05T19:09:48.3218183Z,OS Type           : bullseye,,0
	2026-03-05T19:09:48.3513409Z,Image Type        : githubactions,,0
	2026-03-05T19:09:48.3807377Z,,,0
	2026-03-05T19:09:48.4125562Z,Primary SDK Storage URL: https://oryx-cdn.microsoft.io,,0
	2026-03-05T19:09:48.4429627Z,Backup SDK Storage URL: ,,0
	2026-03-05T19:09:48.4708059Z,Detecting platforms...,,0
	2026-03-05T19:09:48.4921203Z,External SDK provider is enabled.,,0
	2026-03-05T19:09:48.5232971Z,Requesting metadata for platform python from external SDK provider,,0
	2026-03-05T19:09:49.0692608Z,Requesting metadata for platform python from external SDK provider,,0
	2026-03-05T19:09:49.4599011Z,Successfully requested blob for platform python&comma; blobName defaultVersion.bullseye.txt&comma; available at /var/OryxSdks/python/defaultVersion.bullseye.txt,,0
	2026-03-05T19:09:49.6528589Z,Detected following platforms:,,0
	2026-03-05T19:09:49.6932242Z,  python: 3.12.12,,0
	2026-03-05T19:09:49.7230182Z,Requesting metadata for platform python from external SDK provider,,0
	2026-03-05T19:09:56.6937558Z,Successfully requested blob for platform python&comma; blobName python-bullseye-3.12.12.tar.gz&comma; available at /var/OryxSdks/python/python-bullseye-3.12.12.tar.gz,,0
	2026-03-05T19:09:58.8038569Z,Version '3.12.12' of platform 'python' is not installed. Generating script to install it...,,0
	2026-03-05T19:09:59.8100251Z,,,0
	2026-03-05T19:10:00.0706425Z,Using intermediate directory '/tmp/8de7aeac2b63917'.,,0
	2026-03-05T19:10:00.1330054Z,,,0
	2026-03-05T19:10:00.1740796Z,Copying files to the intermediate directory...,,0
	2026-03-05T19:10:00.7042326Z,Copying files to intermediate directory done in 1 sec(s).,,0
	2026-03-05T19:10:00.7728279Z,,,0
	2026-03-05T19:10:00.8252008Z,Source directory     : /tmp/8de7aeac2b63917,,0
	2026-03-05T19:10:00.9060272Z,Destination directory: /home/site/wwwroot,,0
	2026-03-05T19:10:00.9650951Z,,,0
	2026-03-05T19:10:00.9960424Z,Installing platform...,,0
	2026-03-05T19:10:01.0656779Z,,,0
	2026-03-05T19:10:01.1646193Z,Downloading and extracting 'python' version '3.12.12' to '/tmp/oryx/platforms/python/3.12.12'...,,0
	2026-03-05T19:10:01.1967908Z,Detected image debian flavor: bullseye.,,0
	2026-03-05T19:10:01.3583074Z,Skipping download of python version 3.12.12 as it is available in external sdk provider cache...,,0
	2026-03-05T19:10:01.4081542Z,Extracting contents...,,0
	2026-03-05T19:10:31.1159197Z,Successfully extracted python version 3.12.12 from external sdk provider cache...,,0
	2026-03-05T19:10:31.1463291Z,,,0
	2026-03-05T19:10:31.1772248Z,image detector file exists&comma; platform is python..,,0
	2026-03-05T19:10:31.2461102Z,OS detector file exists&comma; OS is bullseye..,,0
	2026-03-05T19:10:31.3284232Z,Platform installation done in 31 sec(s).,,0
	2026-03-05T19:10:31.6693782Z,Running build script snippets...,,0
	2026-03-05T19:10:31.7314868Z,Python Version: /tmp/oryx/platforms/python/3.12.12/bin/python3.12,,0
	2026-03-05T19:10:31.7698710Z,Creating directory for command manifest file if it does not exist,,0
	2026-03-05T19:10:31.8104877Z,Removing existing manifest file,,0
	2026-03-05T19:10:31.8794325Z,Python Virtual Environment: antenv,,0
	2026-03-05T19:10:31.9516041Z,Creating virtual environment...,,0
	2026-03-05T19:10:31.9924305Z,Executing: /tmp/oryx/platforms/python/3.12.12/bin/python3.12 -m venv antenv --copies --system-site-packages,,0
	2026-03-05T19:10:45.6018087Z,Activating virtual environment...,,0
	2026-03-05T19:10:45.6532045Z,Fast build is enabled,,0
	2026-03-05T19:10:45.6736766Z,Installing uv...,,0
	2026-03-05T19:10:48.7056930Z,Collecting uv,,0
	2026-03-05T19:10:48.7768935Z,  Downloading uv-0.10.8-py3-none-manylinux_2_17_x86_64.manylinux2014_x86_64.whl.metadata (11 kB),,0
	2026-03-05T19:10:48.9737054Z,Downloading uv-0.10.8-py3-none-manylinux_2_17_x86_64.manylinux2014_x86_64.whl (23.3 MB),,0
	2026-03-05T19:10:50.8336380Z,   ━━━━━━━━━━━━━━━━━━━━━━━━━━━━━━━━━━━━━━━━ 23.3/23.3 MB 12.8 MB/s eta 0:00:00,,0
	2026-03-05T19:10:51.1875637Z,Installing collected packages: uv,,0
	2026-03-05T19:10:53.3582139Z,Successfully installed uv-0.10.8,,0
	2026-03-05T19:10:53.8042836Z,,,1
	2026-03-05T19:10:53.8355445Z,[notice] A new release of pip is available: 25.0.1 -> 26.0.1,,1
	2026-03-05T19:10:53.8639487Z,[notice] To update&comma; run: pip install --upgrade pip,,1
	2026-03-05T19:10:54.3463041Z,Running uv pip install...,,0
	2026-03-05T19:11:51.1830943Z,Using Python 3.12.12 environment at: antenv,,0
	2026-03-05T19:11:51.2152050Z,Resolved 56 packages in 1.76s,,0
	2026-03-05T19:11:51.2641023Z,Downloading azure-mgmt-authorization (1.0MiB),,0
	2026-03-05T19:11:51.3038134Z,Downloading mypy (13.0MiB),,0
	2026-03-05T19:11:51.3360418Z,Downloading ruff (10.7MiB),,0
	2026-03-05T19:11:51.3969352Z,Downloading pygments (1.2MiB),,0
	2026-03-05T19:11:51.4344891Z,Downloading cryptography (4.3MiB),,0
	2026-03-05T19:11:51.4763423Z,Downloading fonttools (4.7MiB),,0
	2026-03-05T19:11:51.5162595Z,Downloading pillow (6.7MiB),,0
	2026-03-05T19:11:51.5464744Z, Downloaded cryptography,,0
	2026-03-05T19:11:51.5773413Z, Downloaded pillow,,0
	2026-03-05T19:11:51.6162948Z, Downloaded ruff,,0
	2026-03-05T19:11:51.6364775Z, Downloaded pygments,,0
	2026-03-05T19:11:51.6666300Z, Downloaded fonttools,,0
	2026-03-05T19:11:51.6851602Z, Downloaded azure-mgmt-authorization,,0
	2026-03-05T19:11:51.6957524Z, Downloaded mypy,,0
	2026-03-05T19:11:51.7354214Z,Prepared 56 packages in 6.53s,,0
	2026-03-05T19:11:51.7557848Z,Installed 56 packages in 2.18s,,0
	2026-03-05T19:11:51.7869056Z,Bytecode compiled 3565 files in 45.78s,,0
	2026-03-05T19:11:51.8359338Z, + azure-common==1.1.28,,0
	2026-03-05T19:11:51.8590452Z, + azure-core==1.38.2,,0
	2026-03-05T19:11:51.8967401Z, + azure-identity==1.25.2,,0
	2026-03-05T19:11:51.9184316Z, + azure-mgmt-authorization==4.0.0,,0
	2026-03-05T19:11:51.9871725Z, + azure-mgmt-core==1.6.0,,0
	2026-03-05T19:11:52.0278156Z, + azure-mgmt-keyvault==13.0.0,,0
	2026-03-05T19:11:52.0593392Z, + azure-mgmt-msi==7.1.0,,0
	2026-03-05T19:11:52.1000535Z, + azure-mgmt-resource==25.0.0,,0
	2026-03-05T19:11:52.1476356Z, + azure-mgmt-subscription==3.1.1,,0
	2026-03-05T19:11:52.1696094Z, + blinker==1.9.0,,0
	2026-03-05T19:11:52.1978565Z, + certifi==2026.2.25,,0
	2026-03-05T19:11:52.3197078Z, + cffi==2.0.0,,0
	2026-03-05T19:11:52.3506179Z, + charset-normalizer==3.4.4,,0
	2026-03-05T19:11:52.4200677Z, + click==8.3.1,,0
	2026-03-05T19:11:52.4500615Z, + coverage==7.13.4,,0
	2026-03-05T19:11:52.4799789Z, + cryptography==46.0.5,,0
	2026-03-05T19:11:52.5193103Z, + defusedxml==0.7.1,,0
	2026-03-05T19:11:52.5487594Z, + et-xmlfile==2.0.0,,0
	2026-03-05T19:11:52.5803110Z, + flask==3.1.3,,0
	2026-03-05T19:11:52.6196007Z, + fonttools==4.61.1,,0
	2026-03-05T19:11:52.6511085Z, + fpdf2==2.8.7,,0
	2026-03-05T19:11:52.6826500Z, + gunicorn==25.1.0,,0
	2026-03-05T19:11:52.7815036Z, + idna==3.11,,0
	2026-03-05T19:11:52.8302569Z, + iniconfig==2.3.0,,0
	2026-03-05T19:11:52.8634815Z, + isodate==0.7.2,,0
	2026-03-05T19:11:52.9235177Z, + itsdangerous==2.2.0,,0
	2026-03-05T19:11:52.9715914Z, + jinja2==3.1.6,,0
	2026-03-05T19:11:53.0140168Z, + librt==0.8.1,,0
	2026-03-05T19:11:53.0446160Z, + markdown-it-py==4.0.0,,0
	2026-03-05T19:11:53.1035796Z, + markupsafe==3.0.3,,0
	2026-03-05T19:11:53.1727549Z, + mdurl==0.1.2,,0
	2026-03-05T19:11:53.2153182Z, + msal==1.35.1,,0
	2026-03-05T19:11:53.2731989Z, + msal-extensions==1.3.1,,0
	2026-03-05T19:11:53.3130218Z, + msrest==0.7.1,,0
	2026-03-05T19:11:53.3557473Z, + mypy==1.19.1,,0
	2026-03-05T19:11:53.3956644Z, + mypy-extensions==1.1.0,,0
	2026-03-05T19:11:53.4447983Z, + oauthlib==3.3.1,,0
	2026-03-05T19:11:53.4772398Z, + openpyxl==3.1.5,,0
	2026-03-05T19:11:53.5368544Z, + packaging==26.0,,0
	2026-03-05T19:11:53.5752707Z, + pathspec==1.0.4,,0
	2026-03-05T19:11:53.6053774Z, + pillow==12.1.1,,0
	2026-03-05T19:11:53.6356054Z, + pluggy==1.6.0,,0
	2026-03-05T19:11:53.6567483Z, + pycparser==3.0,,0
	2026-03-05T19:11:53.6768559Z, + pygments==2.19.2,,0
	2026-03-05T19:11:53.7268755Z, + pyjwt==2.11.0,,0
	2026-03-05T19:11:53.7577650Z, + pytest==9.0.2,,0
	2026-03-05T19:11:53.7964250Z, + pytest-cov==7.0.0,,0
	2026-03-05T19:11:53.8387219Z, + pytest-mock==3.15.1,,0
	2026-03-05T19:11:53.8584087Z, + pyyaml==6.0.3,,0
	2026-03-05T19:11:53.8970849Z, + requests==2.32.5,,0
	2026-03-05T19:11:53.9291898Z, + requests-oauthlib==2.0.0,,0
	2026-03-05T19:11:53.9593209Z, + rich==14.3.3,,0
	2026-03-05T19:11:53.9897593Z, + ruff==0.15.4,,0
	2026-03-05T19:11:54.0295001Z, + typing-extensions==4.15.0,,0
	2026-03-05T19:11:54.0588894Z, + urllib3==2.6.3,,0
	2026-03-05T19:11:54.0881954Z, + werkzeug==3.1.6,,0
	2026-03-05T19:11:54.1106493Z,uv pip install done in 66 sec(s).,,0
	2026-03-05T19:11:54.1594847Z,Not a vso image&comma; so not writing build commands,,0
	2026-03-05T19:11:54.2102387Z,Build script snippets done in 80 sec(s).,,0
	2026-03-05T19:11:54.2511543Z,Preparing output...,,0
	2026-03-05T19:11:54.3099772Z,Compressing source directory directly to destination (optimized path)...,,0
	2026-03-05T19:11:54.3815513Z,Using zstd for compression,,0
	2026-03-05T19:12:11.0671490Z,Copied the compressed output to '/home/site/wwwroot',,0
	2026-03-05T19:12:11.1672561Z,Direct compression with zstd done in 20 sec(s).,,0
	2026-03-05T19:12:11.2587525Z,,,0
	2026-03-05T19:12:11.3589122Z,Removing existing manifest file,,0
	2026-03-05T19:12:11.4085104Z,Creating a manifest file...,,0
	2026-03-05T19:12:11.4788867Z,Manifest file created.,,0
	2026-03-05T19:12:11.5017557Z,Copying .ostype to manifest output directory.,,0
	2026-03-05T19:12:11.5436757Z,,,0
	2026-03-05T19:12:11.5696202Z,Total execution done in 132 sec(s).,,0
2026-03-05T19:12:12.9331891Z,Running post deployment command(s)...,f544b59b-ae35-4967-bd4d-90d27481fe0a,0
2026-03-05T19:12:13.1133197Z,,eda36874-0858-47d3-9f94-4f62b6f27c61,0
2026-03-05T19:12:13.2687909Z,Generating summary of Oryx build,b98de866-3125-4e0b-a7d7-d004770402ac,0
2026-03-05T19:12:13.4659227Z,Parsing the build logs,27c2734f-5fa1-4da6-bd04-cf881ed3ffdc,0
2026-03-05T19:12:13.7187698Z,Found 0 issue(s),3e32e9c9-8b51-45dd-b82a-d1a5f380e169,0
2026-03-05T19:12:13.9588944Z,,f8de1d9d-8b16-4253-b86d-ceef53823a84,0
2026-03-05T19:12:14.1615510Z,Build Summary :,7c1d56cf-a13f-4a37-b644-88489a181990,0
2026-03-05T19:12:14.4120304Z,===============,0978f1e7-3830-4ac6-bbe3-a2da3890b28a,0
2026-03-05T19:12:14.6620489Z,Errors (0),549cd529-4b43-47ee-8848-a66c7ca804f7,0
2026-03-05T19:12:15.0033519Z,Warnings (0),50f192a5-bafd-4d25-bf83-7a4ea9ca23f2,0
2026-03-05T19:12:15.2765233Z,,273c630b-4f08-43d0-89a5-5ed9a252f1d3,0
2026-03-05T19:12:15.8466178Z,Triggering recycle (preview mode disabled).,72f2bb0e-2bee-456f-96f7-3bd874587cd8,0
2026-03-05T19:12:16.4311497Z,Deployment successful. deployer = Push-Deployer deploymentPath = ZipDeploy. Extract zip. Remote build.,2d777644-5344-47f3-b1eb-91aeca9bd8c2,0
