2026-03-06T03:50:29.6958935Z,Updating submodules.,60d22563-dc61-452b-bf16-2bb3883a7c09,0
2026-03-06T03:50:30.8312663Z,Preparing deployment for commit id '12cd15af-0'.,a6a036cf-ed78-42d1-ab87-b74d8d08f164,0
2026-03-06T03:50:31.2003655Z,PreDeployment: context.CleanOutputPath False,13abb103-b3d7-4e4b-af80-06b04090e19c,0
2026-03-06T03:50:31.3456102Z,PreDeployment: context.OutputPath /home/site/wwwroot,0b40a6ed-274a-4591-bf9b-ba0c0a3e4b2a,0
2026-03-06T03:50:31.5219066Z,Repository path is /tmp/zipdeploy/extracted,8dd03f0f-1e0c-4f94-b04b-646802adcab1,0
2026-03-06T03:50:31.6489198Z,Running oryx build...,da655927-0039-4ff8-8321-9fd4043e26d3,0
	2026-03-06T03:50:31.6543465Z,Command: oryx build /tmp/zipdeploy/extracted -o /home/site/wwwroot --platform python --platform-version 3.12 -p virtualenv_name=antenv --log-file /tmp/build-debug.log  -i /tmp/8de7b338352b10f --compress-destination-dir | tee /tmp/oryx-build.log,,0
	2026-03-06T03:50:33.9023454Z,Operation performed by Microsoft Oryx&comma; https://github.com/Microsoft/Oryx,,0
	2026-03-06T03:50:34.0110697Z,You can report issues at https://github.com/Microsoft/Oryx/issues,,0
	2026-03-06T03:50:34.0940576Z,,,0
	2026-03-06T03:50:34.1327206Z,Oryx Version: 0.2.20260204.1+0fdbe200b286be083841ff7fa201c6c2316dc6b9&comma; Commit: 0fdbe200b286be083841ff7fa201c6c2316dc6b9&comma; ReleaseTagName: 20260204.1,,0
	2026-03-06T03:50:34.1716333Z,,,0
	2026-03-06T03:50:34.2021641Z,Build Operation ID: 40f160d8240cba87,,0
	2026-03-06T03:50:34.2736947Z,Repository Commit : 12cd15af-02a5-4feb-b539-4886568a7c9f,,0
	2026-03-06T03:50:34.3634690Z,OS Type           : bullseye,,0
	2026-03-06T03:50:34.3942910Z,Image Type        : githubactions,,0
	2026-03-06T03:50:34.4829900Z,,,0
	2026-03-06T03:50:34.5145841Z,Primary SDK Storage URL: https://oryx-cdn.microsoft.io,,0
	2026-03-06T03:50:34.5452896Z,Backup SDK Storage URL: ,,0
	2026-03-06T03:50:34.5853381Z,Detecting platforms...,,0
	2026-03-06T03:50:34.6347602Z,External SDK provider is enabled.,,0
	2026-03-06T03:50:34.6660328Z,Requesting metadata for platform python from external SDK provider,,0
	2026-03-06T03:50:35.2420351Z,Requesting metadata for platform python from external SDK provider,,0
	2026-03-06T03:50:35.4042440Z,Detected following platforms:,,0
	2026-03-06T03:50:35.4239020Z,  python: 3.12.12,,0
	2026-03-06T03:50:35.9083825Z,,,0
	2026-03-06T03:50:36.0069111Z,Using intermediate directory '/tmp/8de7b338352b10f'.,,0
	2026-03-06T03:50:36.0489098Z,,,0
	2026-03-06T03:50:36.0696153Z,Copying files to the intermediate directory...,,0
	2026-03-06T03:50:36.1811681Z,Copying files to intermediate directory done in 0 sec(s).,,0
	2026-03-06T03:50:36.2115794Z,,,0
	2026-03-06T03:50:36.2423725Z,Source directory     : /tmp/8de7b338352b10f,,0
	2026-03-06T03:50:36.2817829Z,Destination directory: /home/site/wwwroot,,0
	2026-03-06T03:50:36.3415327Z,,,0
	2026-03-06T03:50:36.6830964Z,Running build script snippets...,,0
	2026-03-06T03:50:36.7128040Z,Python Version: /tmp/oryx/platforms/python/3.12.12/bin/python3.12,,0
	2026-03-06T03:50:36.7558566Z,Creating directory for command manifest file if it does not exist,,0
	2026-03-06T03:50:36.8337953Z,Removing existing manifest file,,0
	2026-03-06T03:50:36.8742562Z,Python Virtual Environment: antenv,,0
	2026-03-06T03:50:36.9058869Z,Creating virtual environment...,,0
	2026-03-06T03:50:36.9469017Z,Executing: /tmp/oryx/platforms/python/3.12.12/bin/python3.12 -m venv antenv --copies --system-site-packages,,0
	2026-03-06T03:50:49.9026511Z,Activating virtual environment...,,0
	2026-03-06T03:50:49.9917026Z,Fast build is enabled,,0
	2026-03-06T03:50:50.0143041Z,Installing uv...,,0
	2026-03-06T03:50:53.0216055Z,Collecting uv,,0
	2026-03-06T03:50:53.0444553Z,  Using cached uv-0.10.8-py3-none-manylinux_2_17_x86_64.manylinux2014_x86_64.whl.metadata (11 kB),,0
	2026-03-06T03:50:53.1248926Z,Using cached uv-0.10.8-py3-none-manylinux_2_17_x86_64.manylinux2014_x86_64.whl (23.3 MB),,0
	2026-03-06T03:50:53.8297921Z,Installing collected packages: uv,,0
	2026-03-06T03:50:55.5302032Z,Successfully installed uv-0.10.8,,0
	2026-03-06T03:50:55.9875654Z,,,1
	2026-03-06T03:50:56.0484691Z,[notice] A new release of pip is available: 25.0.1 -> 26.0.1,,1
	2026-03-06T03:50:56.0967440Z,[notice] To update&comma; run: pip install --upgrade pip,,1
	2026-03-06T03:50:56.6004179Z,Running uv pip install...,,0
	2026-03-06T03:51:57.0512338Z,Using Python 3.12.12 environment at: antenv,,0
	2026-03-06T03:51:57.0943507Z,Resolved 56 packages in 614ms,,0
	2026-03-06T03:51:57.1341167Z,Installed 56 packages in 1.26s,,0
	2026-03-06T03:51:57.1656769Z,Bytecode compiled 4913 files in 58.00s,,0
	2026-03-06T03:51:57.2233777Z, + azure-common==1.1.28,,0
	2026-03-06T03:51:57.2577929Z, + azure-core==1.38.2,,0
	2026-03-06T03:51:57.2864437Z, + azure-identity==1.25.2,,0
	2026-03-06T03:51:57.3050564Z, + azure-mgmt-authorization==4.0.0,,0
	2026-03-06T03:51:57.3372327Z, + azure-mgmt-core==1.6.0,,0
	2026-03-06T03:51:57.3572866Z, + azure-mgmt-keyvault==13.0.0,,0
	2026-03-06T03:51:57.3782460Z, + azure-mgmt-msi==7.1.0,,0
	2026-03-06T03:51:57.3887647Z, + azure-mgmt-resource==23.4.0,,0
	2026-03-06T03:51:57.4077321Z, + azure-mgmt-subscription==3.1.1,,0
	2026-03-06T03:51:57.4361181Z, + blinker==1.9.0,,0
	2026-03-06T03:51:57.4471918Z, + certifi==2026.2.25,,0
	2026-03-06T03:51:57.4584949Z, + cffi==2.0.0,,0
	2026-03-06T03:51:57.4693683Z, + charset-normalizer==3.4.4,,0
	2026-03-06T03:51:57.4966303Z, + click==8.3.1,,0
	2026-03-06T03:51:57.5080477Z, + coverage==7.13.4,,0
	2026-03-06T03:51:57.5486018Z, + cryptography==46.0.5,,0
	2026-03-06T03:51:57.5613506Z, + defusedxml==0.7.1,,0
	2026-03-06T03:51:57.5713035Z, + et-xmlfile==2.0.0,,0
	2026-03-06T03:51:57.5971201Z, + flask==3.1.3,,0
	2026-03-06T03:51:57.6079926Z, + fonttools==4.61.1,,0
	2026-03-06T03:51:57.6471728Z, + fpdf2==2.8.7,,0
	2026-03-06T03:51:57.6578737Z, + gunicorn==25.1.0,,0
	2026-03-06T03:51:57.6695836Z, + idna==3.11,,0
	2026-03-06T03:51:57.6909700Z, + iniconfig==2.3.0,,0
	2026-03-06T03:51:57.7777466Z, + isodate==0.7.2,,0
	2026-03-06T03:51:57.8090159Z, + itsdangerous==2.2.0,,0
	2026-03-06T03:51:57.8605373Z, + jinja2==3.1.6,,0
	2026-03-06T03:51:57.9093486Z, + librt==0.8.1,,0
	2026-03-06T03:51:57.9306369Z, + markdown-it-py==4.0.0,,0
	2026-03-06T03:51:57.9805764Z, + markupsafe==3.0.3,,0
	2026-03-06T03:51:58.0293057Z, + mdurl==0.1.2,,0
	2026-03-06T03:51:58.0700874Z, + msal==1.35.1,,0
	2026-03-06T03:51:58.1295481Z, + msal-extensions==1.3.1,,0
	2026-03-06T03:51:58.1495597Z, + msrest==0.7.1,,0
	2026-03-06T03:51:58.1808043Z, + mypy==1.19.1,,0
	2026-03-06T03:51:58.2299999Z, + mypy-extensions==1.1.0,,0
	2026-03-06T03:51:58.2619499Z, + oauthlib==3.3.1,,0
	2026-03-06T03:51:58.2819511Z, + openpyxl==3.1.5,,0
	2026-03-06T03:51:58.3220952Z, + packaging==26.0,,0
	2026-03-06T03:51:58.3524640Z, + pathspec==1.0.4,,0
	2026-03-06T03:51:58.3723766Z, + pillow==12.1.1,,0
	2026-03-06T03:51:58.3860784Z, + pluggy==1.6.0,,0
	2026-03-06T03:51:58.4017089Z, + pycparser==3.0,,0
	2026-03-06T03:51:58.4232724Z, + pygments==2.19.2,,0
	2026-03-06T03:51:58.4717341Z, + pyjwt==2.11.0,,0
	2026-03-06T03:51:58.4915919Z, + pytest==9.0.2,,0
	2026-03-06T03:51:58.6033714Z, + pytest-cov==7.0.0,,0
	2026-03-06T03:51:58.6932527Z, + pytest-mock==3.15.1,,0
	2026-03-06T03:51:58.7741928Z, + pyyaml==6.0.3,,0
	2026-03-06T03:51:58.8043941Z, + requests==2.32.5,,0
	2026-03-06T03:51:58.8525112Z, + requests-oauthlib==2.0.0,,0
	2026-03-06T03:51:58.8648741Z, + rich==14.3.3,,0
	2026-03-06T03:51:58.9043464Z, + ruff==0.15.5,,0
	2026-03-06T03:51:58.9645785Z, + typing-extensions==4.15.0,,0
	2026-03-06T03:51:59.0255916Z, + urllib3==2.6.3,,0
	2026-03-06T03:51:59.1146305Z, + werkzeug==3.1.6,,0
	2026-03-06T03:51:59.2138879Z,uv pip install done in 68 sec(s).,,0
	2026-03-06T03:51:59.2461291Z,Not a vso image&comma; so not writing build commands,,0
	2026-03-06T03:51:59.2943676Z,Build script snippets done in 81 sec(s).,,0
	2026-03-06T03:51:59.3164524Z,Preparing output...,,0
	2026-03-06T03:51:59.3567874Z,Compressing source directory directly to destination (optimized path)...,,0
	2026-03-06T03:51:59.4068933Z,Using zstd for compression,,0
	2026-03-06T03:52:35.3006258Z,Copied the compressed output to '/home/site/wwwroot',,0
	2026-03-06T03:52:35.3529789Z,Direct compression with zstd done in 38 sec(s).,,0
	2026-03-06T03:52:35.3730039Z,,,0
	2026-03-06T03:52:35.3961633Z,Removing existing manifest file,,0
	2026-03-06T03:52:35.4131135Z,Creating a manifest file...,,0
	2026-03-06T03:52:35.4433711Z,Manifest file created.,,0
	2026-03-06T03:52:35.4859698Z,Copying .ostype to manifest output directory.,,0
	2026-03-06T03:52:35.5163060Z,,,0
	2026-03-06T03:52:35.5557992Z,Total execution done in 120 sec(s).,,0
2026-03-06T03:52:36.1632896Z,Running post deployment command(s)...,880d9bb8-3e72-42ed-a315-0d1f156ff9ef,0
2026-03-06T03:52:36.3117002Z,,88a2de42-1e6a-4b7d-b36f-be348a9cc94e,0
2026-03-06T03:52:36.4463078Z,Generating summary of Oryx build,c22c033e-ef59-48f2-8082-262d0d729b32,0
2026-03-06T03:52:36.6100039Z,Parsing the build logs,019ee813-f107-4ab4-9cf7-6221f6e12233,0
2026-03-06T03:52:36.7731723Z,Found 0 issue(s),c208df3b-e836-4d19-b835-e131ae4a1b69,0
2026-03-06T03:52:36.9179451Z,,7af72b1e-d497-4edb-bcfb-0363a5463127,0
2026-03-06T03:52:37.0620049Z,Build Summary :,e8f32da8-dece-48a8-8564-8f26cab6b544,0
2026-03-06T03:52:37.2208927Z,===============,1a583a33-5e86-42a7-ad06-768ce1c4495f,0
2026-03-06T03:52:37.3648642Z,Errors (0),0de138fd-83ab-435d-82a7-cf024ab950ad,0
2026-03-06T03:52:37.5258640Z,Warnings (0),b618655f-fe52-41ce-a6a4-bcc760b8b8e2,0
2026-03-06T03:52:37.6544119Z,,0ca5c362-eb56-4ea1-b7c5-a5c4305b3c37,0
2026-03-06T03:52:37.8598084Z,Triggering recycle (preview mode disabled).,9856f02e-b9af-4191-a4b9-702cd92ef22e,0
2026-03-06T03:52:38.1229275Z,Deployment successful. deployer = Push-Deployer deploymentPath = ZipDeploy. Extract zip. Remote build.,5c49a0a7-c995-40e9-8594-01bd2fcad39c,0
